2020-01-14 20:56:00,000   GET     200      87 ms  /3/Cloud
2020-01-14 20:56:00,029   GET     200      11 ms  /3/Capabilities/API
2020-01-14 21:03:52,434   GET     200     134 ms  /3/Frames/audio/light
2020-01-14 21:03:54,513   POST    200      10 ms  /4/sessions
2020-01-14 21:03:54,652   POST    200     118 ms  /99/Rapids
2020-01-14 21:03:54,684   GET     200      28 ms  /3/Frames/py_1_sid_92e6
2020-01-14 21:03:55,464   POST    200      61 ms  /99/Rapids
2020-01-14 21:03:55,478   POST    200       2 ms  /99/Rapids
2020-01-14 21:03:55,485   POST    200       3 ms  /99/Rapids
2020-01-14 21:03:55,592   POST    200      49 ms  /99/Rapids
2020-01-14 21:03:55,629   GET     200      30 ms  /3/Frames/py_4_sid_92e6
2020-01-14 21:03:55,732   POST    200      37 ms  /99/Rapids
2020-01-14 21:03:55,750   GET     200      13 ms  /3/Frames/py_5_sid_92e6
2020-01-14 21:03:55,831   POST    200      12 ms  /99/Rapids
2020-01-14 21:03:55,847   GET     200      11 ms  /3/Frames/py_6_sid_92e6
2020-01-14 21:03:55,854   POST    200       2 ms  /99/Rapids
2020-01-14 21:03:56,219   POST    200      12 ms  /99/Rapids
2020-01-14 21:03:56,252   GET     200      13 ms  /3/Frames/py_7_sid_92e6
2020-01-14 21:03:56,265   GET     200       2 ms  /3/DownloadDataset
2020-01-14 21:03:56,298   POST    200      23 ms  /99/Rapids
2020-01-14 21:03:58,552   POST    200     145 ms  /3/ModelBuilders/gbm
2020-01-14 21:03:58,563   GET     200       3 ms  /3/Jobs/$0301c0a801f034d4ffffffff$_ac107cf3ce2d5b81305ff45c487f4121
2020-01-14 21:03:58,771   GET     200       1 ms  /3/Jobs/$0301c0a801f034d4ffffffff$_ac107cf3ce2d5b81305ff45c487f4121
2020-01-14 21:03:58,978   GET     200       0 ms  /3/Jobs/$0301c0a801f034d4ffffffff$_ac107cf3ce2d5b81305ff45c487f4121
2020-01-14 21:03:59,187   GET     200       1 ms  /3/Jobs/$0301c0a801f034d4ffffffff$_ac107cf3ce2d5b81305ff45c487f4121
2020-01-14 21:03:59,397   GET     200       1 ms  /3/Jobs/$0301c0a801f034d4ffffffff$_ac107cf3ce2d5b81305ff45c487f4121
2020-01-14 21:03:59,606   GET     200       0 ms  /3/Jobs/$0301c0a801f034d4ffffffff$_ac107cf3ce2d5b81305ff45c487f4121
2020-01-14 21:03:59,826   GET     200       1 ms  /3/Jobs/$0301c0a801f034d4ffffffff$_ac107cf3ce2d5b81305ff45c487f4121
2020-01-14 21:04:00,128   GET     200       0 ms  /3/Jobs/$0301c0a801f034d4ffffffff$_ac107cf3ce2d5b81305ff45c487f4121
2020-01-14 21:04:00,452   GET     200       1 ms  /3/Jobs/$0301c0a801f034d4ffffffff$_ac107cf3ce2d5b81305ff45c487f4121
2020-01-14 21:04:00,837   GET     200       2 ms  /3/Jobs/$0301c0a801f034d4ffffffff$_ac107cf3ce2d5b81305ff45c487f4121
2020-01-14 21:04:01,300   GET     200       1 ms  /3/Jobs/$0301c0a801f034d4ffffffff$_ac107cf3ce2d5b81305ff45c487f4121
2020-01-14 21:04:01,834   POST    200       1 ms  /3/Jobs/$0301c0a801f034d4ffffffff$_ac107cf3ce2d5b81305ff45c487f4121/cancel
2020-01-14 21:04:08,164   GET     200      62 ms  /3/Metadata/schemas/AutoMLV99
2020-01-14 21:04:08,349   POST    200     178 ms  /99/AutoMLBuilder
2020-01-14 21:04:08,367   GET     200       4 ms  /3/Jobs/$0301c0a801f034d4ffffffff$_a01cbf29497947c8985c600f74f942b3
2020-01-14 21:04:08,593   GET     200      18 ms  /99/AutoML/AutoML_20200114_210408183@@label
2020-01-14 21:04:08,703   POST    999      18 ms  /3/PostFile
2020-01-14 21:04:08,924   POST    200     216 ms  /3/ParseSetup
2020-01-14 21:04:08,940   POST    200      12 ms  /3/Parse
2020-01-14 21:04:08,946   GET     200       1 ms  /3/Jobs/$0301c0a801f034d4ffffffff$_8a7f33506a8efe9223015be8bca34fd6
2020-01-14 21:04:09,158   GET     200       1 ms  /3/Jobs/$0301c0a801f034d4ffffffff$_8a7f33506a8efe9223015be8bca34fd6
2020-01-14 21:04:09,165   GET     200       2 ms  /3/Frames/AutoML_20200114_210408183_eventlog
2020-01-14 21:04:09,181   POST    200       1 ms  /99/Rapids
2020-01-14 21:04:09,196   POST    200       1 ms  /99/Rapids
2020-01-14 21:04:09,201   POST    200       1 ms  /99/Rapids
2020-01-14 21:04:09,207   GET     200       2 ms  /3/Frames/AutoML_20200114_210408183_eventlog
2020-01-14 21:04:09,244   POST    200       5 ms  /99/Rapids
2020-01-14 21:04:09,283   GET     200      35 ms  /3/Frames/py_9_sid_92e6
2020-01-14 21:04:09,348   POST    200      61 ms  /99/Rapids
2020-01-14 21:04:09,365   GET     200       0 ms  /3/Jobs/$0301c0a801f034d4ffffffff$_a01cbf29497947c8985c600f74f942b3
2020-01-14 21:04:09,581   GET     200      10 ms  /99/AutoML/AutoML_20200114_210408183@@label
2020-01-14 21:04:09,588   POST    999       1 ms  /3/PostFile
2020-01-14 21:04:09,595   POST    200       3 ms  /3/ParseSetup
2020-01-14 21:04:09,624   POST    200       5 ms  /3/Parse
2020-01-14 21:04:09,629   GET     200       1 ms  /3/Jobs/$0301c0a801f034d4ffffffff$_938bfdc0a3649892db9d69d6321446c7
2020-01-14 21:04:09,836   GET     200       0 ms  /3/Jobs/$0301c0a801f034d4ffffffff$_938bfdc0a3649892db9d69d6321446c7
2020-01-14 21:04:09,842   GET     200       1 ms  /3/Frames/AutoML_20200114_210408183_eventlog
2020-01-14 21:04:09,861   POST    200       2 ms  /99/Rapids
2020-01-14 21:04:09,885   POST    200      10 ms  /99/Rapids
2020-01-14 21:04:09,890   POST    200       0 ms  /99/Rapids
2020-01-14 21:04:09,896   GET     200       2 ms  /3/Frames/AutoML_20200114_210408183_eventlog
2020-01-14 21:04:09,939   POST    200      11 ms  /99/Rapids
2020-01-14 21:04:09,984   GET     200      40 ms  /3/Frames/py_11_sid_92e6
2020-01-14 21:04:09,992   POST    200       3 ms  /99/Rapids
2020-01-14 21:04:10,000   GET     200       0 ms  /3/Jobs/$0301c0a801f034d4ffffffff$_a01cbf29497947c8985c600f74f942b3
2020-01-14 21:04:10,336   GET     200       2 ms  /99/AutoML/AutoML_20200114_210408183@@label
2020-01-14 21:04:10,349   POST    999       1 ms  /3/PostFile
2020-01-14 21:04:10,355   POST    200       2 ms  /3/ParseSetup
2020-01-14 21:04:10,372   POST    200      12 ms  /3/Parse
2020-01-14 21:04:10,379   GET     200       0 ms  /3/Jobs/$0301c0a801f034d4ffffffff$_9430fa24924b45e3b9582ab30f6540f3
2020-01-14 21:04:10,589   GET     200       1 ms  /3/Jobs/$0301c0a801f034d4ffffffff$_9430fa24924b45e3b9582ab30f6540f3
2020-01-14 21:04:10,594   GET     200       1 ms  /3/Frames/AutoML_20200114_210408183_eventlog
2020-01-14 21:04:10,610   POST    200       0 ms  /99/Rapids
2020-01-14 21:04:10,630   POST    200       4 ms  /99/Rapids
2020-01-14 21:04:10,637   POST    200       0 ms  /99/Rapids
2020-01-14 21:04:10,644   GET     200       1 ms  /3/Frames/AutoML_20200114_210408183_eventlog
2020-01-14 21:04:10,683   POST    200       2 ms  /99/Rapids
2020-01-14 21:04:10,750   GET     200      62 ms  /3/Frames/py_13_sid_92e6
2020-01-14 21:04:10,818   POST    200      64 ms  /99/Rapids
2020-01-14 21:04:10,823   GET     200       1 ms  /3/Jobs/$0301c0a801f034d4ffffffff$_a01cbf29497947c8985c600f74f942b3
2020-01-14 21:04:11,026   GET     200       2 ms  /99/AutoML/AutoML_20200114_210408183@@label
2020-01-14 21:04:11,034   POST    999       1 ms  /3/PostFile
2020-01-14 21:04:11,043   POST    200       3 ms  /3/ParseSetup
2020-01-14 21:04:11,061   POST    200      14 ms  /3/Parse
2020-01-14 21:04:11,066   GET     200       1 ms  /3/Jobs/$0301c0a801f034d4ffffffff$_913ef303b87bd33e795881b5ac4548e7
2020-01-14 21:04:11,275   GET     200       0 ms  /3/Jobs/$0301c0a801f034d4ffffffff$_913ef303b87bd33e795881b5ac4548e7
2020-01-14 21:04:11,281   GET     200       2 ms  /3/Frames/AutoML_20200114_210408183_eventlog
2020-01-14 21:04:11,295   POST    200       1 ms  /99/Rapids
2020-01-14 21:04:11,314   POST    200       2 ms  /99/Rapids
2020-01-14 21:04:11,319   POST    200       1 ms  /99/Rapids
2020-01-14 21:04:11,324   GET     200       2 ms  /3/Frames/AutoML_20200114_210408183_eventlog
2020-01-14 21:04:11,358   POST    200       4 ms  /99/Rapids
2020-01-14 21:04:11,366   GET     200       3 ms  /3/Frames/py_15_sid_92e6
2020-01-14 21:04:11,375   POST    200       5 ms  /99/Rapids
2020-01-14 21:04:11,379   GET     200       0 ms  /3/Jobs/$0301c0a801f034d4ffffffff$_a01cbf29497947c8985c600f74f942b3
2020-01-14 21:04:11,993   GET     200       2 ms  /99/AutoML/AutoML_20200114_210408183@@label
2020-01-14 21:04:12,001   POST    999       1 ms  /3/PostFile
2020-01-14 21:04:12,007   POST    200       2 ms  /3/ParseSetup
2020-01-14 21:04:12,026   POST    200      15 ms  /3/Parse
2020-01-14 21:04:12,030   GET     200       1 ms  /3/Jobs/$0301c0a801f034d4ffffffff$_a7c2b696e1dc7bfedb11b5b6f1ba43a8
2020-01-14 21:04:12,237   GET     200       0 ms  /3/Jobs/$0301c0a801f034d4ffffffff$_a7c2b696e1dc7bfedb11b5b6f1ba43a8
2020-01-14 21:04:12,244   GET     200       2 ms  /3/Frames/AutoML_20200114_210408183_eventlog
2020-01-14 21:04:12,259   POST    200       1 ms  /99/Rapids
2020-01-14 21:04:12,277   POST    200       7 ms  /99/Rapids
2020-01-14 21:04:12,281   POST    200       0 ms  /99/Rapids
2020-01-14 21:04:12,289   GET     200       1 ms  /3/Frames/AutoML_20200114_210408183_eventlog
2020-01-14 21:04:12,316   POST    200       2 ms  /99/Rapids
2020-01-14 21:04:12,323   GET     200       3 ms  /3/Frames/py_17_sid_92e6
2020-01-14 21:04:12,330   POST    200       1 ms  /99/Rapids
2020-01-14 21:04:12,334   GET     200       1 ms  /3/Jobs/$0301c0a801f034d4ffffffff$_a01cbf29497947c8985c600f74f942b3
2020-01-14 21:04:13,136   GET     200       2 ms  /99/AutoML/AutoML_20200114_210408183@@label
2020-01-14 21:04:13,144   POST    999       1 ms  /3/PostFile
2020-01-14 21:04:13,150   POST    200       3 ms  /3/ParseSetup
2020-01-14 21:04:13,162   POST    200       8 ms  /3/Parse
2020-01-14 21:04:13,167   GET     200       1 ms  /3/Jobs/$0301c0a801f034d4ffffffff$_af70faa42676fa708337f45b3e544378
2020-01-14 21:04:13,372   GET     200       0 ms  /3/Jobs/$0301c0a801f034d4ffffffff$_af70faa42676fa708337f45b3e544378
2020-01-14 21:04:13,378   GET     200       1 ms  /3/Frames/AutoML_20200114_210408183_eventlog
2020-01-14 21:04:13,392   POST    200       1 ms  /99/Rapids
2020-01-14 21:04:13,406   POST    200       1 ms  /99/Rapids
2020-01-14 21:04:13,410   POST    200       0 ms  /99/Rapids
2020-01-14 21:04:13,415   GET     200       1 ms  /3/Frames/AutoML_20200114_210408183_eventlog
2020-01-14 21:04:13,460   POST    200      12 ms  /99/Rapids
2020-01-14 21:04:13,469   GET     200       4 ms  /3/Frames/py_19_sid_92e6
2020-01-14 21:04:13,475   POST    200       2 ms  /99/Rapids
2020-01-14 21:04:13,481   GET     200       1 ms  /3/Jobs/$0301c0a801f034d4ffffffff$_a01cbf29497947c8985c600f74f942b3
2020-01-14 21:04:14,019   GET     200       1 ms  /99/AutoML/AutoML_20200114_210408183@@label
2020-01-14 21:04:14,026   POST    999       1 ms  /3/PostFile
2020-01-14 21:04:14,033   POST    200       2 ms  /3/ParseSetup
2020-01-14 21:04:14,053   POST    200      15 ms  /3/Parse
2020-01-14 21:04:14,058   GET     200       1 ms  /3/Jobs/$0301c0a801f034d4ffffffff$_9b82aac7d2c91c1947ef27c89ac24a66
2020-01-14 21:04:14,264   GET     200       1 ms  /3/Jobs/$0301c0a801f034d4ffffffff$_9b82aac7d2c91c1947ef27c89ac24a66
2020-01-14 21:04:14,270   GET     200       1 ms  /3/Frames/AutoML_20200114_210408183_eventlog
2020-01-14 21:04:14,289   POST    200       1 ms  /99/Rapids
2020-01-14 21:04:14,312   POST    200      10 ms  /99/Rapids
2020-01-14 21:04:14,316   POST    200       0 ms  /99/Rapids
2020-01-14 21:04:14,321   GET     200       1 ms  /3/Frames/AutoML_20200114_210408183_eventlog
2020-01-14 21:04:14,357   POST    200       3 ms  /99/Rapids
2020-01-14 21:04:14,369   GET     200       7 ms  /3/Frames/py_21_sid_92e6
2020-01-14 21:04:14,416   POST    200      43 ms  /99/Rapids
2020-01-14 21:04:14,514   GET     200       0 ms  /3/Jobs/$0301c0a801f034d4ffffffff$_a01cbf29497947c8985c600f74f942b3
2020-01-14 21:04:15,516   POST    200       1 ms  /3/Jobs/$0301c0a801f034d4ffffffff$_a01cbf29497947c8985c600f74f942b3/cancel
2020-01-14 21:04:15,522   GET     200       2 ms  /99/AutoML/AutoML_20200114_210408183@@label
2020-01-14 21:04:15,530   POST    999       1 ms  /3/PostFile
2020-01-14 21:04:15,537   POST    200       2 ms  /3/ParseSetup
2020-01-14 21:04:15,557   POST    200      16 ms  /3/Parse
2020-01-14 21:04:15,563   GET     200       1 ms  /3/Jobs/$0301c0a801f034d4ffffffff$_a699e28add67cc15ceca9730e3be4a2d
2020-01-14 21:04:15,772   GET     200       0 ms  /3/Jobs/$0301c0a801f034d4ffffffff$_a699e28add67cc15ceca9730e3be4a2d
2020-01-14 21:04:15,778   GET     200       1 ms  /3/Frames/AutoML_20200114_210408183_eventlog
2020-01-14 21:04:15,793   POST    200       1 ms  /99/Rapids
2020-01-14 21:04:15,809   POST    200       1 ms  /99/Rapids
2020-01-14 21:04:15,813   POST    200       0 ms  /99/Rapids
2020-01-14 21:04:15,817   GET     200       1 ms  /3/Frames/AutoML_20200114_210408183_eventlog
2020-01-14 21:04:15,867   POST    200       8 ms  /99/Rapids
2020-01-14 21:04:15,874   GET     200       2 ms  /3/Frames/py_23_sid_92e6
2020-01-14 21:04:15,881   POST    200       3 ms  /99/Rapids
2020-01-14 21:04:18,548   GET     200       2 ms  /3/Metadata/schemas/AutoMLV99
2020-01-14 21:04:18,562   POST    200       6 ms  /99/AutoMLBuilder
2020-01-14 21:04:18,567   GET     200       1 ms  /3/Jobs/$0301c0a801f034d4ffffffff$_a87d0a7caf0ec4f931d33ad6bbb546cb
2020-01-14 21:04:18,778   GET     200       5 ms  /99/AutoML/AutoML_20200114_210418558@@label
2020-01-14 21:04:18,786   POST    999       1 ms  /3/PostFile
2020-01-14 21:04:18,794   POST    200       3 ms  /3/ParseSetup
2020-01-14 21:04:18,799   POST    200       2 ms  /3/Parse
2020-01-14 21:04:18,803   GET     200       1 ms  /3/Jobs/$0301c0a801f034d4ffffffff$_a0354cffdc4621a8b3b9a0a4448b417d
2020-01-14 21:04:19,011   GET     200       1 ms  /3/Jobs/$0301c0a801f034d4ffffffff$_a0354cffdc4621a8b3b9a0a4448b417d
2020-01-14 21:04:19,016   GET     200       1 ms  /3/Frames/AutoML_20200114_210418558_eventlog
2020-01-14 21:04:19,030   POST    200       0 ms  /99/Rapids
2020-01-14 21:04:19,045   POST    200       3 ms  /99/Rapids
2020-01-14 21:04:19,050   POST    200       1 ms  /99/Rapids
2020-01-14 21:04:19,054   GET     200       1 ms  /3/Frames/AutoML_20200114_210418558_eventlog
2020-01-14 21:04:19,094   POST    200       1 ms  /99/Rapids
2020-01-14 21:04:19,102   GET     200       3 ms  /3/Frames/py_25_sid_92e6
2020-01-14 21:04:19,112   POST    200       1 ms  /99/Rapids
2020-01-14 21:04:19,117   GET     200       0 ms  /3/Jobs/$0301c0a801f034d4ffffffff$_a87d0a7caf0ec4f931d33ad6bbb546cb
2020-01-14 21:04:19,345   GET     200       2 ms  /99/AutoML/AutoML_20200114_210418558@@label
2020-01-14 21:04:19,355   POST    999       1 ms  /3/PostFile
2020-01-14 21:04:19,362   POST    200       2 ms  /3/ParseSetup
2020-01-14 21:04:19,368   POST    200       1 ms  /3/Parse
2020-01-14 21:04:19,373   GET     200       0 ms  /3/Jobs/$0301c0a801f034d4ffffffff$_9b093f6a4cc8a7eae9dd91cc72b4e8a
2020-01-14 21:04:19,580   GET     200       1 ms  /3/Jobs/$0301c0a801f034d4ffffffff$_9b093f6a4cc8a7eae9dd91cc72b4e8a
2020-01-14 21:04:19,586   GET     200       1 ms  /3/Frames/AutoML_20200114_210418558_eventlog
2020-01-14 21:04:19,602   POST    200       1 ms  /99/Rapids
2020-01-14 21:04:19,620   POST    200       5 ms  /99/Rapids
2020-01-14 21:04:19,624   POST    200       1 ms  /99/Rapids
2020-01-14 21:04:19,628   GET     200       1 ms  /3/Frames/AutoML_20200114_210418558_eventlog
2020-01-14 21:04:19,673   POST    200       7 ms  /99/Rapids
2020-01-14 21:04:19,688   GET     200      10 ms  /3/Frames/py_27_sid_92e6
2020-01-14 21:04:19,716   POST    200      24 ms  /99/Rapids
2020-01-14 21:04:19,721   GET     200       1 ms  /3/Jobs/$0301c0a801f034d4ffffffff$_a87d0a7caf0ec4f931d33ad6bbb546cb
2020-01-14 21:04:19,960   GET     200       2 ms  /99/AutoML/AutoML_20200114_210418558@@label
2020-01-14 21:04:19,969   POST    999       1 ms  /3/PostFile
2020-01-14 21:04:19,976   POST    200       2 ms  /3/ParseSetup
2020-01-14 21:04:19,982   POST    200       2 ms  /3/Parse
2020-01-14 21:04:19,986   GET     200       0 ms  /3/Jobs/$0301c0a801f034d4ffffffff$_a3453fb0afeed95e81406b8e35434fcb
2020-01-14 21:04:20,192   GET     200       0 ms  /3/Jobs/$0301c0a801f034d4ffffffff$_a3453fb0afeed95e81406b8e35434fcb
2020-01-14 21:04:20,198   GET     200       1 ms  /3/Frames/AutoML_20200114_210418558_eventlog
2020-01-14 21:04:20,213   POST    200       1 ms  /99/Rapids
2020-01-14 21:04:20,237   POST    200       5 ms  /99/Rapids
2020-01-14 21:04:20,242   POST    200       0 ms  /99/Rapids
2020-01-14 21:04:20,248   GET     200       1 ms  /3/Frames/AutoML_20200114_210418558_eventlog
2020-01-14 21:04:20,287   POST    200       3 ms  /99/Rapids
2020-01-14 21:04:20,291   GET     200       1 ms  /3/Frames/py_29_sid_92e6
2020-01-14 21:04:20,305   POST    200       8 ms  /99/Rapids
2020-01-14 21:04:20,310   GET     200       0 ms  /3/Jobs/$0301c0a801f034d4ffffffff$_a87d0a7caf0ec4f931d33ad6bbb546cb
2020-01-14 21:04:20,671   GET     200       1 ms  /99/AutoML/AutoML_20200114_210418558@@label
2020-01-14 21:04:20,682   POST    999       1 ms  /3/PostFile
2020-01-14 21:04:20,687   POST    200       1 ms  /3/ParseSetup
2020-01-14 21:04:20,692   POST    200       1 ms  /3/Parse
2020-01-14 21:04:20,696   GET     200       0 ms  /3/Jobs/$0301c0a801f034d4ffffffff$_8a6f219be388694dbf3b6e2608a44d54
2020-01-14 21:04:20,902   GET     200       0 ms  /3/Jobs/$0301c0a801f034d4ffffffff$_8a6f219be388694dbf3b6e2608a44d54
2020-01-14 21:04:20,910   GET     200       2 ms  /3/Frames/AutoML_20200114_210418558_eventlog
2020-01-14 21:04:20,926   POST    200       1 ms  /99/Rapids
2020-01-14 21:04:20,941   POST    200       1 ms  /99/Rapids
2020-01-14 21:04:20,948   POST    200       0 ms  /99/Rapids
2020-01-14 21:04:20,955   GET     200       3 ms  /3/Frames/AutoML_20200114_210418558_eventlog
2020-01-14 21:04:20,984   POST    200       0 ms  /99/Rapids
2020-01-14 21:04:20,989   GET     200       1 ms  /3/Frames/py_31_sid_92e6
2020-01-14 21:04:20,994   POST    200       1 ms  /99/Rapids
2020-01-14 21:04:20,999   GET     200       1 ms  /3/Jobs/$0301c0a801f034d4ffffffff$_a87d0a7caf0ec4f931d33ad6bbb546cb
2020-01-14 21:04:21,373   GET     200       1 ms  /99/AutoML/AutoML_20200114_210418558@@label
2020-01-14 21:04:21,380   POST    999       0 ms  /3/PostFile
2020-01-14 21:04:21,388   POST    200       2 ms  /3/ParseSetup
2020-01-14 21:04:21,393   POST    200       1 ms  /3/Parse
2020-01-14 21:04:21,398   GET     200       0 ms  /3/Jobs/$0301c0a801f034d4ffffffff$_b317df534ab51ca2ca82626eb78541c7
2020-01-14 21:04:21,404   GET     200       0 ms  /3/Frames/AutoML_20200114_210418558_eventlog
2020-01-14 21:04:21,419   POST    200       1 ms  /99/Rapids
2020-01-14 21:04:21,439   POST    200       4 ms  /99/Rapids
2020-01-14 21:04:21,443   POST    200       1 ms  /99/Rapids
2020-01-14 21:04:21,448   GET     200       1 ms  /3/Frames/AutoML_20200114_210418558_eventlog
2020-01-14 21:04:21,488   POST    200       2 ms  /99/Rapids
2020-01-14 21:04:21,492   GET     200       1 ms  /3/Frames/py_33_sid_92e6
2020-01-14 21:04:21,503   POST    200       1 ms  /99/Rapids
2020-01-14 21:04:21,507   GET     200       1 ms  /3/Jobs/$0301c0a801f034d4ffffffff$_a87d0a7caf0ec4f931d33ad6bbb546cb
2020-01-14 21:04:22,106   GET     200       1 ms  /99/AutoML/AutoML_20200114_210418558@@label
2020-01-14 21:04:22,124   POST    999       1 ms  /3/PostFile
2020-01-14 21:04:22,131   POST    200       3 ms  /3/ParseSetup
2020-01-14 21:04:22,140   POST    200       2 ms  /3/Parse
2020-01-14 21:04:22,144   GET     200       0 ms  /3/Jobs/$0301c0a801f034d4ffffffff$_af5ff72cbbab02d2625bcf36eab04fe0
2020-01-14 21:04:22,150   GET     200       1 ms  /3/Frames/AutoML_20200114_210418558_eventlog
2020-01-14 21:04:22,164   POST    200       0 ms  /99/Rapids
2020-01-14 21:04:22,176   POST    200       1 ms  /99/Rapids
2020-01-14 21:04:22,180   POST    200       1 ms  /99/Rapids
2020-01-14 21:04:22,185   GET     200       1 ms  /3/Frames/AutoML_20200114_210418558_eventlog
2020-01-14 21:04:22,232   POST    200       4 ms  /99/Rapids
2020-01-14 21:04:22,247   GET     200      11 ms  /3/Frames/py_35_sid_92e6
2020-01-14 21:04:22,255   POST    200       3 ms  /99/Rapids
2020-01-14 21:04:22,261   GET     200       0 ms  /3/Jobs/$0301c0a801f034d4ffffffff$_a87d0a7caf0ec4f931d33ad6bbb546cb
2020-01-14 21:04:23,008   GET     200       1 ms  /99/AutoML/AutoML_20200114_210418558@@label
2020-01-14 21:04:23,015   POST    999       1 ms  /3/PostFile
2020-01-14 21:04:23,020   POST    200       2 ms  /3/ParseSetup
2020-01-14 21:04:23,026   POST    200       2 ms  /3/Parse
2020-01-14 21:04:23,030   GET     200       0 ms  /3/Jobs/$0301c0a801f034d4ffffffff$_bad8a6e9c625b976172eb1551913478f
2020-01-14 21:04:23,238   GET     200       0 ms  /3/Jobs/$0301c0a801f034d4ffffffff$_bad8a6e9c625b976172eb1551913478f
2020-01-14 21:04:23,244   GET     200       1 ms  /3/Frames/AutoML_20200114_210418558_eventlog
2020-01-14 21:04:23,259   POST    200       1 ms  /99/Rapids
2020-01-14 21:04:23,272   POST    200       1 ms  /99/Rapids
2020-01-14 21:04:23,277   POST    200       1 ms  /99/Rapids
2020-01-14 21:04:23,282   GET     200       1 ms  /3/Frames/AutoML_20200114_210418558_eventlog
2020-01-14 21:04:23,328   POST    200      17 ms  /99/Rapids
2020-01-14 21:04:23,333   GET     200       1 ms  /3/Frames/py_37_sid_92e6
2020-01-14 21:04:23,338   POST    200       1 ms  /99/Rapids
2020-01-14 21:04:23,342   GET     200       1 ms  /3/Jobs/$0301c0a801f034d4ffffffff$_a87d0a7caf0ec4f931d33ad6bbb546cb
2020-01-14 21:04:24,308   GET     200       2 ms  /99/AutoML/AutoML_20200114_210418558@@label
2020-01-14 21:04:24,317   POST    999       1 ms  /3/PostFile
2020-01-14 21:04:24,324   POST    200       2 ms  /3/ParseSetup
2020-01-14 21:04:24,330   POST    200       2 ms  /3/Parse
2020-01-14 21:04:24,334   GET     200       0 ms  /3/Jobs/$0301c0a801f034d4ffffffff$_b52e9a0d82bc2eae77f33e712e9a4027
2020-01-14 21:04:24,539   GET     200       1 ms  /3/Jobs/$0301c0a801f034d4ffffffff$_b52e9a0d82bc2eae77f33e712e9a4027
2020-01-14 21:04:24,544   GET     200       1 ms  /3/Frames/AutoML_20200114_210418558_eventlog
2020-01-14 21:04:24,558   POST    200       0 ms  /99/Rapids
2020-01-14 21:04:24,571   POST    200       0 ms  /99/Rapids
2020-01-14 21:04:24,575   POST    200       0 ms  /99/Rapids
2020-01-14 21:04:24,580   GET     200       1 ms  /3/Frames/AutoML_20200114_210418558_eventlog
2020-01-14 21:04:24,614   POST    200       6 ms  /99/Rapids
2020-01-14 21:04:24,621   GET     200       3 ms  /3/Frames/py_39_sid_92e6
2020-01-14 21:04:24,633   POST    200       8 ms  /99/Rapids
2020-01-14 21:04:24,637   GET     200       1 ms  /3/Jobs/$0301c0a801f034d4ffffffff$_a87d0a7caf0ec4f931d33ad6bbb546cb
2020-01-14 21:04:25,858   GET     200       2 ms  /99/AutoML/AutoML_20200114_210418558@@label
2020-01-14 21:04:25,868   POST    999       1 ms  /3/PostFile
2020-01-14 21:04:25,874   POST    200       2 ms  /3/ParseSetup
2020-01-14 21:04:25,879   POST    200       1 ms  /3/Parse
2020-01-14 21:04:25,884   GET     200       1 ms  /3/Jobs/$0301c0a801f034d4ffffffff$_94c9638ffa340b5644d27280ceba4529
2020-01-14 21:04:26,089   GET     200       0 ms  /3/Jobs/$0301c0a801f034d4ffffffff$_94c9638ffa340b5644d27280ceba4529
2020-01-14 21:04:26,095   GET     200       1 ms  /3/Frames/AutoML_20200114_210418558_eventlog
2020-01-14 21:04:26,110   POST    200       1 ms  /99/Rapids
2020-01-14 21:04:26,123   POST    200       1 ms  /99/Rapids
2020-01-14 21:04:26,127   POST    200       0 ms  /99/Rapids
2020-01-14 21:04:26,132   GET     200       1 ms  /3/Frames/AutoML_20200114_210418558_eventlog
2020-01-14 21:04:26,164   POST    200       3 ms  /99/Rapids
2020-01-14 21:04:26,239   GET     200      70 ms  /3/Frames/py_41_sid_92e6
2020-01-14 21:04:26,262   POST    200      18 ms  /99/Rapids
2020-01-14 21:04:26,266   GET     200       0 ms  /3/Jobs/$0301c0a801f034d4ffffffff$_a87d0a7caf0ec4f931d33ad6bbb546cb
2020-01-14 21:04:27,774   GET     200       3 ms  /99/AutoML/AutoML_20200114_210418558@@label
2020-01-14 21:04:27,783   POST    999       0 ms  /3/PostFile
2020-01-14 21:04:27,789   POST    200       2 ms  /3/ParseSetup
2020-01-14 21:04:27,797   POST    200       4 ms  /3/Parse
2020-01-14 21:04:27,801   GET     200       0 ms  /3/Jobs/$0301c0a801f034d4ffffffff$_9a4942bd6310a3d011fccf73bde04bed
2020-01-14 21:04:28,009   GET     200       1 ms  /3/Jobs/$0301c0a801f034d4ffffffff$_9a4942bd6310a3d011fccf73bde04bed
2020-01-14 21:04:28,014   GET     200       1 ms  /3/Frames/AutoML_20200114_210418558_eventlog
2020-01-14 21:04:28,028   POST    200       0 ms  /99/Rapids
2020-01-14 21:04:28,056   POST    200      11 ms  /99/Rapids
2020-01-14 21:04:28,062   POST    200       1 ms  /99/Rapids
2020-01-14 21:04:28,067   GET     200       1 ms  /3/Frames/AutoML_20200114_210418558_eventlog
2020-01-14 21:04:28,106   POST    200       8 ms  /99/Rapids
2020-01-14 21:04:28,121   GET     200      11 ms  /3/Frames/py_43_sid_92e6
2020-01-14 21:04:28,126   POST    200       1 ms  /99/Rapids
2020-01-14 21:04:28,132   GET     200       0 ms  /3/Jobs/$0301c0a801f034d4ffffffff$_a87d0a7caf0ec4f931d33ad6bbb546cb
2020-01-14 21:04:29,643   GET     200       2 ms  /99/AutoML/AutoML_20200114_210418558@@label
2020-01-14 21:04:29,651   POST    999       1 ms  /3/PostFile
2020-01-14 21:04:29,665   POST    200       2 ms  /3/ParseSetup
2020-01-14 21:04:29,672   POST    200       1 ms  /3/Parse
2020-01-14 21:04:29,678   GET     200       0 ms  /3/Jobs/$0301c0a801f034d4ffffffff$_afb792adcec97c778efac49f64064941
2020-01-14 21:04:29,884   GET     200       0 ms  /3/Jobs/$0301c0a801f034d4ffffffff$_afb792adcec97c778efac49f64064941
2020-01-14 21:04:29,903   GET     200       1 ms  /3/Frames/AutoML_20200114_210418558_eventlog
2020-01-14 21:04:29,940   POST    200       1 ms  /99/Rapids
2020-01-14 21:04:29,979   POST    200      11 ms  /99/Rapids
2020-01-14 21:04:29,984   POST    200       1 ms  /99/Rapids
2020-01-14 21:04:29,991   GET     200       2 ms  /3/Frames/AutoML_20200114_210418558_eventlog
2020-01-14 21:04:30,132   POST    200       5 ms  /99/Rapids
2020-01-14 21:04:30,154   GET     200      17 ms  /3/Frames/py_45_sid_92e6
2020-01-14 21:04:30,175   POST    200      15 ms  /99/Rapids
2020-01-14 21:04:30,184   GET     200       0 ms  /3/Jobs/$0301c0a801f034d4ffffffff$_a87d0a7caf0ec4f931d33ad6bbb546cb
2020-01-14 21:04:31,692   GET     200       2 ms  /99/AutoML/AutoML_20200114_210418558@@label
2020-01-14 21:04:31,699   POST    999       1 ms  /3/PostFile
2020-01-14 21:04:31,706   POST    200       4 ms  /3/ParseSetup
2020-01-14 21:04:31,714   POST    200       3 ms  /3/Parse
2020-01-14 21:04:31,723   GET     200       0 ms  /3/Jobs/$0301c0a801f034d4ffffffff$_b7fc1e1108afa097a851c13d43e94009
2020-01-14 21:04:31,931   GET     200       0 ms  /3/Jobs/$0301c0a801f034d4ffffffff$_b7fc1e1108afa097a851c13d43e94009
2020-01-14 21:04:31,936   GET     200       1 ms  /3/Frames/AutoML_20200114_210418558_eventlog
2020-01-14 21:04:31,958   POST    200       1 ms  /99/Rapids
2020-01-14 21:04:31,972   POST    200       2 ms  /99/Rapids
2020-01-14 21:04:31,978   POST    200       1 ms  /99/Rapids
2020-01-14 21:04:31,983   GET     200       1 ms  /3/Frames/AutoML_20200114_210418558_eventlog
2020-01-14 21:04:32,055   POST    200      31 ms  /99/Rapids
2020-01-14 21:04:32,068   GET     200       8 ms  /3/Frames/py_47_sid_92e6
2020-01-14 21:04:32,074   POST    200       1 ms  /99/Rapids
2020-01-14 21:04:32,077   GET     200       0 ms  /3/Jobs/$0301c0a801f034d4ffffffff$_a87d0a7caf0ec4f931d33ad6bbb546cb
2020-01-14 21:04:33,582   GET     200       1 ms  /99/AutoML/AutoML_20200114_210418558@@label
2020-01-14 21:04:33,589   POST    999       1 ms  /3/PostFile
2020-01-14 21:04:33,595   POST    200       2 ms  /3/ParseSetup
2020-01-14 21:04:33,615   POST    200      16 ms  /3/Parse
2020-01-14 21:04:33,619   GET     200       0 ms  /3/Jobs/$0301c0a801f034d4ffffffff$_9e7458b691fd4548998cb0748c1a40a9
2020-01-14 21:04:33,826   GET     200       1 ms  /3/Jobs/$0301c0a801f034d4ffffffff$_9e7458b691fd4548998cb0748c1a40a9
2020-01-14 21:04:33,830   GET     200       0 ms  /3/Frames/AutoML_20200114_210418558_eventlog
2020-01-14 21:04:33,842   POST    200       1 ms  /99/Rapids
2020-01-14 21:04:33,855   POST    200       1 ms  /99/Rapids
2020-01-14 21:04:33,859   POST    200       1 ms  /99/Rapids
2020-01-14 21:04:33,863   GET     200       1 ms  /3/Frames/AutoML_20200114_210418558_eventlog
2020-01-14 21:04:33,893   POST    200       4 ms  /99/Rapids
2020-01-14 21:04:33,898   GET     200       2 ms  /3/Frames/py_49_sid_92e6
2020-01-14 21:04:33,905   POST    200       3 ms  /99/Rapids
2020-01-14 21:04:33,908   GET     200       0 ms  /3/Jobs/$0301c0a801f034d4ffffffff$_a87d0a7caf0ec4f931d33ad6bbb546cb
2020-01-14 21:04:35,416   GET     200       1 ms  /99/AutoML/AutoML_20200114_210418558@@label
2020-01-14 21:04:35,424   POST    999       1 ms  /3/PostFile
2020-01-14 21:04:35,429   POST    200       1 ms  /3/ParseSetup
2020-01-14 21:04:35,434   POST    200       2 ms  /3/Parse
2020-01-14 21:04:35,439   GET     200       0 ms  /3/Jobs/$0301c0a801f034d4ffffffff$_86581b3ca8aa1b8cff6c17142ce2425c
2020-01-14 21:04:35,649   GET     200       1 ms  /3/Jobs/$0301c0a801f034d4ffffffff$_86581b3ca8aa1b8cff6c17142ce2425c
2020-01-14 21:04:35,655   GET     200       1 ms  /3/Frames/AutoML_20200114_210418558_eventlog
2020-01-14 21:04:35,667   POST    200       0 ms  /99/Rapids
2020-01-14 21:04:35,694   POST    200      11 ms  /99/Rapids
2020-01-14 21:04:35,698   POST    200       0 ms  /99/Rapids
2020-01-14 21:04:35,704   GET     200       2 ms  /3/Frames/AutoML_20200114_210418558_eventlog
2020-01-14 21:04:35,747   POST    200      11 ms  /99/Rapids
2020-01-14 21:04:35,756   GET     200       5 ms  /3/Frames/py_51_sid_92e6
2020-01-14 21:04:35,762   POST    200       1 ms  /99/Rapids
2020-01-14 21:04:35,767   GET     200       0 ms  /3/Jobs/$0301c0a801f034d4ffffffff$_a87d0a7caf0ec4f931d33ad6bbb546cb
2020-01-14 21:04:37,274   GET     200       1 ms  /99/AutoML/AutoML_20200114_210418558@@label
2020-01-14 21:04:37,281   POST    999       1 ms  /3/PostFile
2020-01-14 21:04:37,286   POST    200       1 ms  /3/ParseSetup
2020-01-14 21:04:37,295   POST    200       3 ms  /3/Parse
2020-01-14 21:04:37,300   GET     200       0 ms  /3/Jobs/$0301c0a801f034d4ffffffff$_b7c5683ce7b327f746d1ccb38fe24c85
2020-01-14 21:04:37,509   GET     200       1 ms  /3/Jobs/$0301c0a801f034d4ffffffff$_b7c5683ce7b327f746d1ccb38fe24c85
2020-01-14 21:04:37,514   GET     200       1 ms  /3/Frames/AutoML_20200114_210418558_eventlog
2020-01-14 21:04:37,528   POST    200       0 ms  /99/Rapids
2020-01-14 21:04:37,544   POST    200       0 ms  /99/Rapids
2020-01-14 21:04:37,549   POST    200       1 ms  /99/Rapids
2020-01-14 21:04:37,561   GET     200       1 ms  /3/Frames/AutoML_20200114_210418558_eventlog
2020-01-14 21:04:37,592   POST    200       1 ms  /99/Rapids
2020-01-14 21:04:37,608   GET     200      12 ms  /3/Frames/py_53_sid_92e6
2020-01-14 21:04:37,716   POST    200     103 ms  /99/Rapids
2020-01-14 21:04:37,721   GET     200       0 ms  /3/Jobs/$0301c0a801f034d4ffffffff$_a87d0a7caf0ec4f931d33ad6bbb546cb
2020-01-14 21:04:39,230   GET     200       1 ms  /99/AutoML/AutoML_20200114_210418558@@label
2020-01-14 21:04:39,238   POST    999       0 ms  /3/PostFile
2020-01-14 21:04:39,245   POST    200       2 ms  /3/ParseSetup
2020-01-14 21:04:39,263   POST    200      10 ms  /3/Parse
2020-01-14 21:04:39,267   GET     200       0 ms  /3/Jobs/$0301c0a801f034d4ffffffff$_9926366ac62da475c36dfc1e817c4d21
2020-01-14 21:04:39,473   GET     200       0 ms  /3/Jobs/$0301c0a801f034d4ffffffff$_9926366ac62da475c36dfc1e817c4d21
2020-01-14 21:04:39,479   GET     200       1 ms  /3/Frames/AutoML_20200114_210418558_eventlog
2020-01-14 21:04:39,493   POST    200       1 ms  /99/Rapids
2020-01-14 21:04:39,510   POST    200       3 ms  /99/Rapids
2020-01-14 21:04:39,515   POST    200       1 ms  /99/Rapids
2020-01-14 21:04:39,520   GET     200       1 ms  /3/Frames/AutoML_20200114_210418558_eventlog
2020-01-14 21:04:39,556   POST    200       2 ms  /99/Rapids
2020-01-14 21:04:39,573   GET     200      13 ms  /3/Frames/py_55_sid_92e6
2020-01-14 21:04:39,580   POST    200       3 ms  /99/Rapids
2020-01-14 21:04:39,584   GET     200       0 ms  /3/Jobs/$0301c0a801f034d4ffffffff$_a87d0a7caf0ec4f931d33ad6bbb546cb
2020-01-14 21:04:41,092   GET     200       2 ms  /99/AutoML/AutoML_20200114_210418558@@label
2020-01-14 21:04:41,099   POST    999       1 ms  /3/PostFile
2020-01-14 21:04:41,103   POST    200       2 ms  /3/ParseSetup
2020-01-14 21:04:41,107   POST    200       1 ms  /3/Parse
2020-01-14 21:04:41,111   GET     200       0 ms  /3/Jobs/$0301c0a801f034d4ffffffff$_b3233c6bb7414a82d7a84c25f3e45ec
2020-01-14 21:04:41,115   GET     200       1 ms  /3/Frames/AutoML_20200114_210418558_eventlog
2020-01-14 21:04:41,129   POST    200       1 ms  /99/Rapids
2020-01-14 21:04:41,141   POST    200       0 ms  /99/Rapids
2020-01-14 21:04:41,145   POST    200       0 ms  /99/Rapids
2020-01-14 21:04:41,150   GET     200       1 ms  /3/Frames/AutoML_20200114_210418558_eventlog
2020-01-14 21:04:41,180   POST    200       1 ms  /99/Rapids
2020-01-14 21:04:41,185   GET     200       1 ms  /3/Frames/py_57_sid_92e6
2020-01-14 21:04:41,192   POST    200       2 ms  /99/Rapids
2020-01-14 21:04:41,197   GET     200       1 ms  /3/Jobs/$0301c0a801f034d4ffffffff$_a87d0a7caf0ec4f931d33ad6bbb546cb
2020-01-14 21:04:42,704   GET     200       1 ms  /99/AutoML/AutoML_20200114_210418558@@label
2020-01-14 21:04:42,712   POST    999       1 ms  /3/PostFile
2020-01-14 21:04:42,718   POST    200       2 ms  /3/ParseSetup
2020-01-14 21:04:42,731   POST    200       8 ms  /3/Parse
2020-01-14 21:04:42,735   GET     200       0 ms  /3/Jobs/$0301c0a801f034d4ffffffff$_ba9de0e7ce54c28c6917d0401fae4c83
2020-01-14 21:04:42,942   GET     200       1 ms  /3/Jobs/$0301c0a801f034d4ffffffff$_ba9de0e7ce54c28c6917d0401fae4c83
2020-01-14 21:04:42,947   GET     200       1 ms  /3/Frames/AutoML_20200114_210418558_eventlog
2020-01-14 21:04:42,959   POST    200       1 ms  /99/Rapids
2020-01-14 21:04:42,969   POST    200       0 ms  /99/Rapids
2020-01-14 21:04:42,973   POST    200       1 ms  /99/Rapids
2020-01-14 21:04:42,977   GET     200       1 ms  /3/Frames/AutoML_20200114_210418558_eventlog
2020-01-14 21:04:43,004   POST    200       1 ms  /99/Rapids
2020-01-14 21:04:43,008   GET     200       2 ms  /3/Frames/py_59_sid_92e6
2020-01-14 21:04:43,012   POST    200       0 ms  /99/Rapids
2020-01-14 21:04:43,016   GET     200       1 ms  /3/Jobs/$0301c0a801f034d4ffffffff$_a87d0a7caf0ec4f931d33ad6bbb546cb
2020-01-14 21:04:44,519   GET     200       0 ms  /3/Jobs/$0301c0a801f034d4ffffffff$_a87d0a7caf0ec4f931d33ad6bbb546cb
2020-01-14 21:04:46,029   GET     200       2 ms  /99/AutoML/AutoML_20200114_210418558@@label
2020-01-14 21:04:46,036   POST    999       1 ms  /3/PostFile
2020-01-14 21:04:46,046   POST    200       2 ms  /3/ParseSetup
2020-01-14 21:04:46,051   POST    200       1 ms  /3/Parse
2020-01-14 21:04:46,055   GET     200       0 ms  /3/Jobs/$0301c0a801f034d4ffffffff$_9b3b04855b4139c7c3852e5fc7c84cbd
2020-01-14 21:04:46,261   GET     200       1 ms  /3/Jobs/$0301c0a801f034d4ffffffff$_9b3b04855b4139c7c3852e5fc7c84cbd
2020-01-14 21:04:46,265   GET     200       1 ms  /3/Frames/AutoML_20200114_210418558_eventlog
2020-01-14 21:04:46,278   POST    200       0 ms  /99/Rapids
2020-01-14 21:04:46,293   POST    200       2 ms  /99/Rapids
2020-01-14 21:04:46,296   POST    200       0 ms  /99/Rapids
2020-01-14 21:04:46,301   GET     200       1 ms  /3/Frames/AutoML_20200114_210418558_eventlog
2020-01-14 21:04:46,322   POST    200       1 ms  /99/Rapids
2020-01-14 21:04:46,327   GET     200       1 ms  /3/Frames/py_61_sid_92e6
2020-01-14 21:04:46,330   POST    200       1 ms  /99/Rapids
2020-01-14 21:04:46,333   GET     200       1 ms  /3/Jobs/$0301c0a801f034d4ffffffff$_a87d0a7caf0ec4f931d33ad6bbb546cb
2020-01-14 21:04:47,835   GET     200       0 ms  /3/Jobs/$0301c0a801f034d4ffffffff$_a87d0a7caf0ec4f931d33ad6bbb546cb
2020-01-14 21:04:49,332   GET     200       1 ms  /3/Jobs/$0301c0a801f034d4ffffffff$_a87d0a7caf0ec4f931d33ad6bbb546cb
2020-01-14 21:04:50,831   GET     200       0 ms  /3/Jobs/$0301c0a801f034d4ffffffff$_a87d0a7caf0ec4f931d33ad6bbb546cb
2020-01-14 21:04:52,329   GET     200       0 ms  /3/Jobs/$0301c0a801f034d4ffffffff$_a87d0a7caf0ec4f931d33ad6bbb546cb
2020-01-14 21:04:53,830   GET     200       1 ms  /3/Jobs/$0301c0a801f034d4ffffffff$_a87d0a7caf0ec4f931d33ad6bbb546cb
2020-01-14 21:04:55,328   GET     200       1 ms  /3/Jobs/$0301c0a801f034d4ffffffff$_a87d0a7caf0ec4f931d33ad6bbb546cb
2020-01-14 21:04:56,826   GET     200       1 ms  /3/Jobs/$0301c0a801f034d4ffffffff$_a87d0a7caf0ec4f931d33ad6bbb546cb
2020-01-14 21:04:58,324   GET     200       0 ms  /3/Jobs/$0301c0a801f034d4ffffffff$_a87d0a7caf0ec4f931d33ad6bbb546cb
2020-01-14 21:04:59,820   GET     200       1 ms  /99/AutoML/AutoML_20200114_210418558@@label
2020-01-14 21:04:59,826   POST    999       1 ms  /3/PostFile
2020-01-14 21:04:59,829   POST    200       1 ms  /3/ParseSetup
2020-01-14 21:04:59,833   POST    200       1 ms  /3/Parse
2020-01-14 21:04:59,836   GET     200       0 ms  /3/Jobs/$0301c0a801f034d4ffffffff$_bb14fdb6c4901a1a7204aabed092494b
2020-01-14 21:04:59,840   GET     200       1 ms  /3/Frames/AutoML_20200114_210418558_eventlog
2020-01-14 21:04:59,850   POST    200       0 ms  /99/Rapids
2020-01-14 21:04:59,859   POST    200       0 ms  /99/Rapids
2020-01-14 21:04:59,862   POST    200       0 ms  /99/Rapids
2020-01-14 21:04:59,866   GET     200       1 ms  /3/Frames/AutoML_20200114_210418558_eventlog
2020-01-14 21:04:59,887   POST    200       1 ms  /99/Rapids
2020-01-14 21:04:59,891   GET     200       1 ms  /3/Frames/py_63_sid_92e6
2020-01-14 21:04:59,894   POST    200       0 ms  /99/Rapids
2020-01-14 21:04:59,897   GET     200       0 ms  /3/Jobs/$0301c0a801f034d4ffffffff$_a87d0a7caf0ec4f931d33ad6bbb546cb
2020-01-14 21:05:01,394   GET     200       0 ms  /3/Jobs/$0301c0a801f034d4ffffffff$_a87d0a7caf0ec4f931d33ad6bbb546cb
2020-01-14 21:05:02,893   GET     200       1 ms  /3/Jobs/$0301c0a801f034d4ffffffff$_a87d0a7caf0ec4f931d33ad6bbb546cb
2020-01-14 21:05:04,391   GET     200       1 ms  /3/Jobs/$0301c0a801f034d4ffffffff$_a87d0a7caf0ec4f931d33ad6bbb546cb
2020-01-14 21:05:05,884   GET     200       0 ms  /3/Jobs/$0301c0a801f034d4ffffffff$_a87d0a7caf0ec4f931d33ad6bbb546cb
2020-01-14 21:05:07,379   GET     200       0 ms  /3/Jobs/$0301c0a801f034d4ffffffff$_a87d0a7caf0ec4f931d33ad6bbb546cb
2020-01-14 21:05:08,875   GET     200       1 ms  /3/Jobs/$0301c0a801f034d4ffffffff$_a87d0a7caf0ec4f931d33ad6bbb546cb
2020-01-14 21:05:10,371   GET     200       0 ms  /3/Jobs/$0301c0a801f034d4ffffffff$_a87d0a7caf0ec4f931d33ad6bbb546cb
2020-01-14 21:05:11,870   GET     200       0 ms  /3/Jobs/$0301c0a801f034d4ffffffff$_a87d0a7caf0ec4f931d33ad6bbb546cb
2020-01-14 21:05:13,370   GET     200       7 ms  /99/AutoML/AutoML_20200114_210418558@@label
2020-01-14 21:05:13,377   POST    999       1 ms  /3/PostFile
2020-01-14 21:05:13,382   POST    200       2 ms  /3/ParseSetup
2020-01-14 21:05:13,387   POST    200       1 ms  /3/Parse
2020-01-14 21:05:13,391   GET     200       1 ms  /3/Jobs/$0301c0a801f034d4ffffffff$_9250eb972f82d800ea828109043a4618
2020-01-14 21:05:13,598   GET     200       0 ms  /3/Jobs/$0301c0a801f034d4ffffffff$_9250eb972f82d800ea828109043a4618
2020-01-14 21:05:13,604   GET     200       1 ms  /3/Frames/AutoML_20200114_210418558_eventlog
2020-01-14 21:05:13,620   POST    200       1 ms  /99/Rapids
2020-01-14 21:05:13,643   POST    200      10 ms  /99/Rapids
2020-01-14 21:05:13,647   POST    200       0 ms  /99/Rapids
2020-01-14 21:05:13,652   GET     200       1 ms  /3/Frames/AutoML_20200114_210418558_eventlog
2020-01-14 21:05:13,686   POST    200       1 ms  /99/Rapids
2020-01-14 21:05:13,731   GET     200      24 ms  /3/Frames/py_65_sid_92e6
2020-01-14 21:05:13,738   POST    200       1 ms  /99/Rapids
2020-01-14 21:05:13,742   GET     200       0 ms  /3/Jobs/$0301c0a801f034d4ffffffff$_a87d0a7caf0ec4f931d33ad6bbb546cb
2020-01-14 21:05:15,238   GET     200       0 ms  /3/Jobs/$0301c0a801f034d4ffffffff$_a87d0a7caf0ec4f931d33ad6bbb546cb
2020-01-14 21:05:16,733   GET     200       0 ms  /3/Jobs/$0301c0a801f034d4ffffffff$_a87d0a7caf0ec4f931d33ad6bbb546cb
2020-01-14 21:05:18,229   GET     200       0 ms  /3/Jobs/$0301c0a801f034d4ffffffff$_a87d0a7caf0ec4f931d33ad6bbb546cb
2020-01-14 21:05:19,720   GET     200       0 ms  /3/Jobs/$0301c0a801f034d4ffffffff$_a87d0a7caf0ec4f931d33ad6bbb546cb
2020-01-14 21:05:21,215   GET     200       1 ms  /3/Jobs/$0301c0a801f034d4ffffffff$_a87d0a7caf0ec4f931d33ad6bbb546cb
2020-01-14 21:05:22,709   GET     200       0 ms  /3/Jobs/$0301c0a801f034d4ffffffff$_a87d0a7caf0ec4f931d33ad6bbb546cb
2020-01-14 21:05:24,204   GET     200       0 ms  /3/Jobs/$0301c0a801f034d4ffffffff$_a87d0a7caf0ec4f931d33ad6bbb546cb
2020-01-14 21:05:25,697   GET     200       0 ms  /3/Jobs/$0301c0a801f034d4ffffffff$_a87d0a7caf0ec4f931d33ad6bbb546cb
2020-01-14 21:05:27,188   GET     200       0 ms  /3/Jobs/$0301c0a801f034d4ffffffff$_a87d0a7caf0ec4f931d33ad6bbb546cb
2020-01-14 21:05:28,692   GET     200       0 ms  /3/Jobs/$0301c0a801f034d4ffffffff$_a87d0a7caf0ec4f931d33ad6bbb546cb
2020-01-14 21:05:30,190   GET     200       1 ms  /99/AutoML/AutoML_20200114_210418558@@label
2020-01-14 21:05:30,195   POST    999       0 ms  /3/PostFile
2020-01-14 21:05:30,200   POST    200       1 ms  /3/ParseSetup
2020-01-14 21:05:30,204   POST    200       1 ms  /3/Parse
2020-01-14 21:05:30,208   GET     200       0 ms  /3/Jobs/$0301c0a801f034d4ffffffff$_a4740cd66cf528ddcd6294df5f14558
2020-01-14 21:05:30,419   GET     200       0 ms  /3/Jobs/$0301c0a801f034d4ffffffff$_a4740cd66cf528ddcd6294df5f14558
2020-01-14 21:05:30,424   GET     200       1 ms  /3/Frames/AutoML_20200114_210418558_eventlog
2020-01-14 21:05:30,437   POST    200       1 ms  /99/Rapids
2020-01-14 21:05:30,449   POST    200       1 ms  /99/Rapids
2020-01-14 21:05:30,453   POST    200       1 ms  /99/Rapids
2020-01-14 21:05:30,458   GET     200       1 ms  /3/Frames/AutoML_20200114_210418558_eventlog
2020-01-14 21:05:30,491   POST    200       1 ms  /99/Rapids
2020-01-14 21:05:30,502   GET     200       7 ms  /3/Frames/py_67_sid_92e6
2020-01-14 21:05:30,511   POST    200       1 ms  /99/Rapids
2020-01-14 21:05:30,516   GET     200       1 ms  /3/Jobs/$0301c0a801f034d4ffffffff$_a87d0a7caf0ec4f931d33ad6bbb546cb
2020-01-14 21:05:31,701   GET     200      10 ms  /99/AutoML/AutoML_20200114_210418558@@label
2020-01-14 21:05:31,711   POST    999       1 ms  /3/PostFile
2020-01-14 21:05:31,716   POST    200       2 ms  /3/ParseSetup
2020-01-14 21:05:31,721   POST    200       1 ms  /3/Parse
2020-01-14 21:05:31,730   GET     200       1 ms  /3/Jobs/$0301c0a801f034d4ffffffff$_87a7194ead0135afc8a493128aa04b46
2020-01-14 21:05:31,738   GET     200       2 ms  /3/Frames/AutoML_20200114_210418558_eventlog
2020-01-14 21:05:31,925   POST    200       3 ms  /99/Rapids
2020-01-14 21:05:31,943   POST    200       1 ms  /99/Rapids
2020-01-14 21:05:31,947   POST    200       0 ms  /99/Rapids
2020-01-14 21:05:31,952   GET     200       1 ms  /3/Frames/AutoML_20200114_210418558_eventlog
2020-01-14 21:05:31,982   POST    200       2 ms  /99/Rapids
2020-01-14 21:05:31,987   GET     200       2 ms  /3/Frames/py_69_sid_92e6
2020-01-14 21:05:31,993   POST    200       2 ms  /99/Rapids
2020-01-14 21:05:32,006   GET     200       0 ms  /3/Jobs/$0301c0a801f034d4ffffffff$_a87d0a7caf0ec4f931d33ad6bbb546cb
2020-01-14 21:05:33,490   GET     200       0 ms  /3/Jobs/$0301c0a801f034d4ffffffff$_a87d0a7caf0ec4f931d33ad6bbb546cb
2020-01-14 21:05:34,979   GET     200       1 ms  /3/Jobs/$0301c0a801f034d4ffffffff$_a87d0a7caf0ec4f931d33ad6bbb546cb
2020-01-14 21:05:36,467   GET     200       0 ms  /3/Jobs/$0301c0a801f034d4ffffffff$_a87d0a7caf0ec4f931d33ad6bbb546cb
2020-01-14 21:05:37,964   GET     200       0 ms  /3/Jobs/$0301c0a801f034d4ffffffff$_a87d0a7caf0ec4f931d33ad6bbb546cb
2020-01-14 21:05:39,449   GET     200       0 ms  /3/Jobs/$0301c0a801f034d4ffffffff$_a87d0a7caf0ec4f931d33ad6bbb546cb
2020-01-14 21:05:40,934   GET     200       1 ms  /3/Jobs/$0301c0a801f034d4ffffffff$_a87d0a7caf0ec4f931d33ad6bbb546cb
2020-01-14 21:05:42,421   GET     200       1 ms  /3/Jobs/$0301c0a801f034d4ffffffff$_a87d0a7caf0ec4f931d33ad6bbb546cb
2020-01-14 21:05:43,913   GET     200       0 ms  /3/Jobs/$0301c0a801f034d4ffffffff$_a87d0a7caf0ec4f931d33ad6bbb546cb
2020-01-14 21:05:45,398   GET     200       2 ms  /99/AutoML/AutoML_20200114_210418558@@label
2020-01-14 21:05:45,404   POST    999       0 ms  /3/PostFile
2020-01-14 21:05:45,410   POST    200       2 ms  /3/ParseSetup
2020-01-14 21:05:45,415   POST    200       1 ms  /3/Parse
2020-01-14 21:05:45,420   GET     200       0 ms  /3/Jobs/$0301c0a801f034d4ffffffff$_8b9ba7b460eedfd83d993c4c26014447
2020-01-14 21:05:45,426   GET     200       1 ms  /3/Frames/AutoML_20200114_210418558_eventlog
2020-01-14 21:05:45,440   POST    200       0 ms  /99/Rapids
2020-01-14 21:05:45,451   POST    200       1 ms  /99/Rapids
2020-01-14 21:05:45,455   POST    200       0 ms  /99/Rapids
2020-01-14 21:05:45,459   GET     200       1 ms  /3/Frames/AutoML_20200114_210418558_eventlog
2020-01-14 21:05:45,487   POST    200       1 ms  /99/Rapids
2020-01-14 21:05:45,492   GET     200       1 ms  /3/Frames/py_71_sid_92e6
2020-01-14 21:05:45,497   POST    200       1 ms  /99/Rapids
2020-01-14 21:05:45,500   GET     200       0 ms  /3/Jobs/$0301c0a801f034d4ffffffff$_a87d0a7caf0ec4f931d33ad6bbb546cb
2020-01-14 21:05:46,980   GET     200       0 ms  /3/Jobs/$0301c0a801f034d4ffffffff$_a87d0a7caf0ec4f931d33ad6bbb546cb
2020-01-14 21:05:48,464   GET     200       1 ms  /3/Jobs/$0301c0a801f034d4ffffffff$_a87d0a7caf0ec4f931d33ad6bbb546cb
2020-01-14 21:05:49,948   GET     200       1 ms  /3/Jobs/$0301c0a801f034d4ffffffff$_a87d0a7caf0ec4f931d33ad6bbb546cb
2020-01-14 21:05:51,430   GET     200       0 ms  /3/Jobs/$0301c0a801f034d4ffffffff$_a87d0a7caf0ec4f931d33ad6bbb546cb
2020-01-14 21:05:52,913   GET     200       1 ms  /3/Jobs/$0301c0a801f034d4ffffffff$_a87d0a7caf0ec4f931d33ad6bbb546cb
2020-01-14 21:05:54,398   GET     200       0 ms  /3/Jobs/$0301c0a801f034d4ffffffff$_a87d0a7caf0ec4f931d33ad6bbb546cb
2020-01-14 21:05:55,879   GET     200       0 ms  /3/Jobs/$0301c0a801f034d4ffffffff$_a87d0a7caf0ec4f931d33ad6bbb546cb
2020-01-14 21:05:57,358   GET     200       1 ms  /99/AutoML/AutoML_20200114_210418558@@label
2020-01-14 21:05:57,367   POST    999       1 ms  /3/PostFile
2020-01-14 21:05:57,372   POST    200       2 ms  /3/ParseSetup
2020-01-14 21:05:57,377   POST    200       2 ms  /3/Parse
2020-01-14 21:05:57,381   GET     200       0 ms  /3/Jobs/$0301c0a801f034d4ffffffff$_92cf350516e491c491f2f0e4a3094c0e
2020-01-14 21:05:57,590   GET     200       1 ms  /3/Jobs/$0301c0a801f034d4ffffffff$_92cf350516e491c491f2f0e4a3094c0e
2020-01-14 21:05:57,595   GET     200       1 ms  /3/Frames/AutoML_20200114_210418558_eventlog
2020-01-14 21:05:57,608   POST    200       1 ms  /99/Rapids
2020-01-14 21:05:57,626   POST    200       6 ms  /99/Rapids
2020-01-14 21:05:57,630   POST    200       0 ms  /99/Rapids
2020-01-14 21:05:57,634   GET     200       1 ms  /3/Frames/AutoML_20200114_210418558_eventlog
2020-01-14 21:05:57,663   POST    200       1 ms  /99/Rapids
2020-01-14 21:05:57,669   GET     200       2 ms  /3/Frames/py_73_sid_92e6
2020-01-14 21:05:57,693   POST    200      20 ms  /99/Rapids
2020-01-14 21:05:57,696   GET     200       0 ms  /3/Jobs/$0301c0a801f034d4ffffffff$_a87d0a7caf0ec4f931d33ad6bbb546cb
2020-01-14 21:05:59,173   GET     200       0 ms  /3/Jobs/$0301c0a801f034d4ffffffff$_a87d0a7caf0ec4f931d33ad6bbb546cb
2020-01-14 21:06:00,655   GET     200       0 ms  /3/Jobs/$0301c0a801f034d4ffffffff$_a87d0a7caf0ec4f931d33ad6bbb546cb
2020-01-14 21:06:02,134   GET     200       0 ms  /3/Jobs/$0301c0a801f034d4ffffffff$_a87d0a7caf0ec4f931d33ad6bbb546cb
2020-01-14 21:06:03,615   GET     200       0 ms  /3/Jobs/$0301c0a801f034d4ffffffff$_a87d0a7caf0ec4f931d33ad6bbb546cb
2020-01-14 21:06:05,095   GET     200       0 ms  /3/Jobs/$0301c0a801f034d4ffffffff$_a87d0a7caf0ec4f931d33ad6bbb546cb
2020-01-14 21:06:06,579   GET     200       0 ms  /3/Jobs/$0301c0a801f034d4ffffffff$_a87d0a7caf0ec4f931d33ad6bbb546cb
2020-01-14 21:06:08,061   GET     200       0 ms  /3/Jobs/$0301c0a801f034d4ffffffff$_a87d0a7caf0ec4f931d33ad6bbb546cb
2020-01-14 21:06:09,538   GET     200       0 ms  /3/Jobs/$0301c0a801f034d4ffffffff$_a87d0a7caf0ec4f931d33ad6bbb546cb
2020-01-14 21:06:11,019   GET     200       1 ms  /3/Jobs/$0301c0a801f034d4ffffffff$_a87d0a7caf0ec4f931d33ad6bbb546cb
2020-01-14 21:06:12,501   GET     200       1 ms  /3/Jobs/$0301c0a801f034d4ffffffff$_a87d0a7caf0ec4f931d33ad6bbb546cb
2020-01-14 21:06:13,980   GET     200       0 ms  /3/Jobs/$0301c0a801f034d4ffffffff$_a87d0a7caf0ec4f931d33ad6bbb546cb
2020-01-14 21:06:14,881   GET     200       2 ms  /99/AutoML/AutoML_20200114_210418558@@label
2020-01-14 21:06:14,887   POST    999       1 ms  /3/PostFile
2020-01-14 21:06:14,892   POST    200       2 ms  /3/ParseSetup
2020-01-14 21:06:14,897   POST    200       2 ms  /3/Parse
2020-01-14 21:06:14,901   GET     200       0 ms  /3/Jobs/$0301c0a801f034d4ffffffff$_a52c8da38f068e2f7daaa9a1319341c2
2020-01-14 21:06:14,907   GET     200       1 ms  /3/Frames/AutoML_20200114_210418558_eventlog
2020-01-14 21:06:14,924   POST    200       0 ms  /99/Rapids
2020-01-14 21:06:14,942   POST    200       0 ms  /99/Rapids
2020-01-14 21:06:14,948   POST    200       1 ms  /99/Rapids
2020-01-14 21:06:14,953   GET     200       1 ms  /3/Frames/AutoML_20200114_210418558_eventlog
2020-01-14 21:06:14,982   POST    200       1 ms  /99/Rapids
2020-01-14 21:06:14,988   GET     200       1 ms  /3/Frames/py_75_sid_92e6
2020-01-14 21:06:14,994   POST    200       2 ms  /99/Rapids
2020-01-14 21:06:15,479   GET     200       0 ms  /3/Jobs/$0301c0a801f034d4ffffffff$_a87d0a7caf0ec4f931d33ad6bbb546cb
2020-01-14 21:06:16,955   GET     200       0 ms  /3/Jobs/$0301c0a801f034d4ffffffff$_a87d0a7caf0ec4f931d33ad6bbb546cb
2020-01-14 21:06:18,426   GET     200       2 ms  /99/AutoML/AutoML_20200114_210418558@@label
2020-01-14 21:06:18,432   POST    999       1 ms  /3/PostFile
2020-01-14 21:06:18,436   POST    200       1 ms  /3/ParseSetup
2020-01-14 21:06:18,441   POST    200       1 ms  /3/Parse
2020-01-14 21:06:18,445   GET     200       1 ms  /3/Jobs/$0301c0a801f034d4ffffffff$_90bd7bd72ca0c81fe46aa0be8d63427e
2020-01-14 21:06:18,449   GET     200       1 ms  /3/Frames/AutoML_20200114_210418558_eventlog
2020-01-14 21:06:18,460   POST    200       0 ms  /99/Rapids
2020-01-14 21:06:18,471   POST    200       1 ms  /99/Rapids
2020-01-14 21:06:18,474   POST    200       0 ms  /99/Rapids
2020-01-14 21:06:18,478   GET     200       1 ms  /3/Frames/AutoML_20200114_210418558_eventlog
2020-01-14 21:06:18,503   POST    200       1 ms  /99/Rapids
2020-01-14 21:06:18,507   GET     200       1 ms  /3/Frames/py_77_sid_92e6
2020-01-14 21:06:18,512   POST    200       1 ms  /99/Rapids
2020-01-14 21:06:18,515   GET     200       0 ms  /3/Jobs/$0301c0a801f034d4ffffffff$_a87d0a7caf0ec4f931d33ad6bbb546cb
2020-01-14 21:06:19,987   GET     200       0 ms  /3/Jobs/$0301c0a801f034d4ffffffff$_a87d0a7caf0ec4f931d33ad6bbb546cb
2020-01-14 21:06:21,461   GET     200       0 ms  /3/Jobs/$0301c0a801f034d4ffffffff$_a87d0a7caf0ec4f931d33ad6bbb546cb
2020-01-14 21:06:22,934   GET     200       0 ms  /3/Jobs/$0301c0a801f034d4ffffffff$_a87d0a7caf0ec4f931d33ad6bbb546cb
2020-01-14 21:06:24,405   GET     200       0 ms  /3/Jobs/$0301c0a801f034d4ffffffff$_a87d0a7caf0ec4f931d33ad6bbb546cb
2020-01-14 21:06:25,874   GET     200       0 ms  /3/Jobs/$0301c0a801f034d4ffffffff$_a87d0a7caf0ec4f931d33ad6bbb546cb
2020-01-14 21:06:27,347   GET     200       0 ms  /3/Jobs/$0301c0a801f034d4ffffffff$_a87d0a7caf0ec4f931d33ad6bbb546cb
2020-01-14 21:06:28,816   GET     200       0 ms  /3/Jobs/$0301c0a801f034d4ffffffff$_a87d0a7caf0ec4f931d33ad6bbb546cb
2020-01-14 21:06:30,286   GET     200       2 ms  /99/AutoML/AutoML_20200114_210418558@@label
2020-01-14 21:06:30,291   POST    999       0 ms  /3/PostFile
2020-01-14 21:06:30,295   POST    200       1 ms  /3/ParseSetup
2020-01-14 21:06:30,299   POST    200       1 ms  /3/Parse
2020-01-14 21:06:30,303   GET     200       0 ms  /3/Jobs/$0301c0a801f034d4ffffffff$_982dd75a59eb0b1583cdb0d289504d73
2020-01-14 21:06:30,308   GET     200       1 ms  /3/Frames/AutoML_20200114_210418558_eventlog
2020-01-14 21:06:30,318   POST    200       0 ms  /99/Rapids
2020-01-14 21:06:30,327   POST    200       0 ms  /99/Rapids
2020-01-14 21:06:30,330   POST    200       0 ms  /99/Rapids
2020-01-14 21:06:30,333   GET     200       0 ms  /3/Frames/AutoML_20200114_210418558_eventlog
2020-01-14 21:06:30,371   POST    200      13 ms  /99/Rapids
2020-01-14 21:06:30,375   GET     200       1 ms  /3/Frames/py_79_sid_92e6
2020-01-14 21:06:30,379   POST    200       1 ms  /99/Rapids
2020-01-14 21:06:30,381   GET     200       0 ms  /3/Jobs/$0301c0a801f034d4ffffffff$_a87d0a7caf0ec4f931d33ad6bbb546cb
2020-01-14 21:06:31,846   GET     200       1 ms  /3/Jobs/$0301c0a801f034d4ffffffff$_a87d0a7caf0ec4f931d33ad6bbb546cb
2020-01-14 21:06:33,313   GET     200       0 ms  /3/Jobs/$0301c0a801f034d4ffffffff$_a87d0a7caf0ec4f931d33ad6bbb546cb
2020-01-14 21:06:34,782   GET     200       0 ms  /3/Jobs/$0301c0a801f034d4ffffffff$_a87d0a7caf0ec4f931d33ad6bbb546cb
2020-01-14 21:06:36,247   GET     200       0 ms  /3/Jobs/$0301c0a801f034d4ffffffff$_a87d0a7caf0ec4f931d33ad6bbb546cb
2020-01-14 21:06:37,713   GET     200       0 ms  /3/Jobs/$0301c0a801f034d4ffffffff$_a87d0a7caf0ec4f931d33ad6bbb546cb
2020-01-14 21:06:39,180   GET     200       1 ms  /3/Jobs/$0301c0a801f034d4ffffffff$_a87d0a7caf0ec4f931d33ad6bbb546cb
2020-01-14 21:06:40,634   GET     200       1 ms  /99/AutoML/AutoML_20200114_210418558@@label
2020-01-14 21:06:40,642   POST    999       1 ms  /3/PostFile
2020-01-14 21:06:40,647   POST    200       1 ms  /3/ParseSetup
2020-01-14 21:06:40,654   POST    200       3 ms  /3/Parse
2020-01-14 21:06:40,659   GET     200       1 ms  /3/Jobs/$0301c0a801f034d4ffffffff$_b47c841294ac44b264335778fb3748a7
2020-01-14 21:06:40,867   GET     200       0 ms  /3/Jobs/$0301c0a801f034d4ffffffff$_b47c841294ac44b264335778fb3748a7
2020-01-14 21:06:40,872   GET     200       1 ms  /3/Frames/AutoML_20200114_210418558_eventlog
2020-01-14 21:06:40,886   POST    200       0 ms  /99/Rapids
2020-01-14 21:06:40,899   POST    200       0 ms  /99/Rapids
2020-01-14 21:06:40,903   POST    200       1 ms  /99/Rapids
2020-01-14 21:06:40,907   GET     200       1 ms  /3/Frames/AutoML_20200114_210418558_eventlog
2020-01-14 21:06:40,937   POST    200       1 ms  /99/Rapids
2020-01-14 21:06:40,942   GET     200       1 ms  /3/Frames/py_81_sid_92e6
2020-01-14 21:06:40,945   POST    200       0 ms  /99/Rapids
2020-01-14 21:06:40,948   GET     200       0 ms  /3/Jobs/$0301c0a801f034d4ffffffff$_a87d0a7caf0ec4f931d33ad6bbb546cb
2020-01-14 21:06:41,819   GET     200       1 ms  /99/AutoML/AutoML_20200114_210418558@@label
2020-01-14 21:06:41,827   POST    999       1 ms  /3/PostFile
2020-01-14 21:06:41,832   POST    200       1 ms  /3/ParseSetup
2020-01-14 21:06:41,837   POST    200       1 ms  /3/Parse
2020-01-14 21:06:41,842   GET     200       0 ms  /3/Jobs/$0301c0a801f034d4ffffffff$_890770cdd70cb1264bce14f690cd4e01
2020-01-14 21:06:41,847   GET     200       1 ms  /3/Frames/AutoML_20200114_210418558_eventlog
2020-01-14 21:06:41,861   POST    200       1 ms  /99/Rapids
2020-01-14 21:06:41,874   POST    200       2 ms  /99/Rapids
2020-01-14 21:06:41,878   POST    200       0 ms  /99/Rapids
2020-01-14 21:06:41,882   GET     200       0 ms  /3/Frames/AutoML_20200114_210418558_eventlog
2020-01-14 21:06:41,914   POST    200       2 ms  /99/Rapids
2020-01-14 21:06:41,926   GET     200       8 ms  /3/Frames/py_83_sid_92e6
2020-01-14 21:06:41,933   POST    200       3 ms  /99/Rapids
2020-01-14 21:06:42,399   GET     200       0 ms  /3/Jobs/$0301c0a801f034d4ffffffff$_a87d0a7caf0ec4f931d33ad6bbb546cb
2020-01-14 21:06:42,453   GET     200       1 ms  /99/AutoML/AutoML_20200114_210418558@@label
2020-01-14 21:06:42,460   POST    999       1 ms  /3/PostFile
2020-01-14 21:06:42,464   POST    200       1 ms  /3/ParseSetup
2020-01-14 21:06:42,468   POST    200       1 ms  /3/Parse
2020-01-14 21:06:42,472   GET     200       1 ms  /3/Jobs/$0301c0a801f034d4ffffffff$_b1638c7a7a40205445feeebca5c34597
2020-01-14 21:06:42,475   GET     200       0 ms  /3/Frames/AutoML_20200114_210418558_eventlog
2020-01-14 21:06:42,486   POST    200       0 ms  /99/Rapids
2020-01-14 21:06:42,496   POST    200       1 ms  /99/Rapids
2020-01-14 21:06:42,499   POST    200       0 ms  /99/Rapids
2020-01-14 21:06:42,502   GET     200       0 ms  /3/Frames/AutoML_20200114_210418558_eventlog
2020-01-14 21:06:42,534   POST    200       1 ms  /99/Rapids
2020-01-14 21:06:42,539   GET     200       2 ms  /3/Frames/py_85_sid_92e6
2020-01-14 21:06:42,543   POST    200       1 ms  /99/Rapids
2020-01-14 21:06:43,841   GET     200       0 ms  /3/Jobs/$0301c0a801f034d4ffffffff$_a87d0a7caf0ec4f931d33ad6bbb546cb
2020-01-14 21:06:45,285   GET     200       1 ms  /99/AutoML/AutoML_20200114_210418558@@label
2020-01-14 21:06:45,292   POST    999       0 ms  /3/PostFile
2020-01-14 21:06:45,297   POST    200       1 ms  /3/ParseSetup
2020-01-14 21:06:45,303   POST    200       2 ms  /3/Parse
2020-01-14 21:06:45,307   GET     200       1 ms  /3/Jobs/$0301c0a801f034d4ffffffff$_ba95e8f5f3d1491e5d513dd7b0354b2f
2020-01-14 21:06:45,512   GET     200       0 ms  /3/Jobs/$0301c0a801f034d4ffffffff$_ba95e8f5f3d1491e5d513dd7b0354b2f
2020-01-14 21:06:45,517   GET     200       0 ms  /3/Frames/AutoML_20200114_210418558_eventlog
2020-01-14 21:06:45,534   POST    200       1 ms  /99/Rapids
2020-01-14 21:06:45,547   POST    200       1 ms  /99/Rapids
2020-01-14 21:06:45,551   POST    200       0 ms  /99/Rapids
2020-01-14 21:06:45,556   GET     200       1 ms  /3/Frames/AutoML_20200114_210418558_eventlog
2020-01-14 21:06:45,586   POST    200       1 ms  /99/Rapids
2020-01-14 21:06:45,593   GET     200       3 ms  /3/Frames/py_87_sid_92e6
2020-01-14 21:06:45,598   POST    200       1 ms  /99/Rapids
2020-01-14 21:06:45,601   GET     200       0 ms  /3/Jobs/$0301c0a801f034d4ffffffff$_a87d0a7caf0ec4f931d33ad6bbb546cb
2020-01-14 21:06:45,852   GET     200       2 ms  /99/AutoML/AutoML_20200114_210418558@@label
2020-01-14 21:06:45,860   POST    999       1 ms  /3/PostFile
2020-01-14 21:06:45,865   POST    200       1 ms  /3/ParseSetup
2020-01-14 21:06:45,871   POST    200       2 ms  /3/Parse
2020-01-14 21:06:45,875   GET     200       0 ms  /3/Jobs/$0301c0a801f034d4ffffffff$_9ef57ff1667410dab6e8e5eeb26547dc
2020-01-14 21:06:46,081   GET     200       1 ms  /3/Jobs/$0301c0a801f034d4ffffffff$_9ef57ff1667410dab6e8e5eeb26547dc
2020-01-14 21:06:46,091   GET     200       1 ms  /3/Frames/AutoML_20200114_210418558_eventlog
2020-01-14 21:06:46,105   POST    200       0 ms  /99/Rapids
2020-01-14 21:06:46,118   POST    200       0 ms  /99/Rapids
2020-01-14 21:06:46,122   POST    200       0 ms  /99/Rapids
2020-01-14 21:06:46,127   GET     200       1 ms  /3/Frames/AutoML_20200114_210418558_eventlog
2020-01-14 21:06:46,156   POST    200       2 ms  /99/Rapids
2020-01-14 21:06:46,162   GET     200       1 ms  /3/Frames/py_89_sid_92e6
2020-01-14 21:06:46,168   POST    200       2 ms  /99/Rapids
2020-01-14 21:06:47,039   GET     200       1 ms  /3/Jobs/$0301c0a801f034d4ffffffff$_a87d0a7caf0ec4f931d33ad6bbb546cb
2020-01-14 21:06:47,687   GET     200       1 ms  /99/AutoML/AutoML_20200114_210418558@@label
2020-01-14 21:06:47,695   POST    999       1 ms  /3/PostFile
2020-01-14 21:06:47,700   POST    200       2 ms  /3/ParseSetup
2020-01-14 21:06:47,704   POST    200       1 ms  /3/Parse
2020-01-14 21:06:47,708   GET     200       0 ms  /3/Jobs/$0301c0a801f034d4ffffffff$_b834ea432cd38ec861d47ca4cb9b40c4
2020-01-14 21:06:47,914   GET     200       1 ms  /3/Jobs/$0301c0a801f034d4ffffffff$_b834ea432cd38ec861d47ca4cb9b40c4
2020-01-14 21:06:47,918   GET     200       1 ms  /3/Frames/AutoML_20200114_210418558_eventlog
2020-01-14 21:06:47,931   POST    200       1 ms  /99/Rapids
2020-01-14 21:06:47,942   POST    200       1 ms  /99/Rapids
2020-01-14 21:06:47,945   POST    200       1 ms  /99/Rapids
2020-01-14 21:06:47,948   GET     200       0 ms  /3/Frames/AutoML_20200114_210418558_eventlog
2020-01-14 21:06:47,977   POST    200       1 ms  /99/Rapids
2020-01-14 21:06:47,981   GET     200       1 ms  /3/Frames/py_91_sid_92e6
2020-01-14 21:06:47,986   POST    200       0 ms  /99/Rapids
2020-01-14 21:06:48,473   GET     200       0 ms  /3/Jobs/$0301c0a801f034d4ffffffff$_a87d0a7caf0ec4f931d33ad6bbb546cb
2020-01-14 21:06:49,420   GET     200       2 ms  /99/AutoML/AutoML_20200114_210418558@@label
2020-01-14 21:06:49,427   POST    999       1 ms  /3/PostFile
2020-01-14 21:06:49,432   POST    200       2 ms  /3/ParseSetup
2020-01-14 21:06:49,437   POST    200       1 ms  /3/Parse
2020-01-14 21:06:49,441   GET     200       0 ms  /3/Jobs/$0301c0a801f034d4ffffffff$_b77378dd11e0e3b94e1049ba06764e5f
2020-01-14 21:06:49,650   GET     200       1 ms  /3/Jobs/$0301c0a801f034d4ffffffff$_b77378dd11e0e3b94e1049ba06764e5f
2020-01-14 21:06:49,653   GET     200       1 ms  /3/Frames/AutoML_20200114_210418558_eventlog
2020-01-14 21:06:49,666   POST    200       1 ms  /99/Rapids
2020-01-14 21:06:49,677   POST    200       0 ms  /99/Rapids
2020-01-14 21:06:49,682   POST    200       1 ms  /99/Rapids
2020-01-14 21:06:49,692   GET     200       0 ms  /3/Frames/AutoML_20200114_210418558_eventlog
2020-01-14 21:06:49,725   POST    200       3 ms  /99/Rapids
2020-01-14 21:06:49,729   GET     200       1 ms  /3/Frames/py_93_sid_92e6
2020-01-14 21:06:49,733   POST    200       0 ms  /99/Rapids
2020-01-14 21:06:49,900   GET     200       0 ms  /3/Jobs/$0301c0a801f034d4ffffffff$_a87d0a7caf0ec4f931d33ad6bbb546cb
2020-01-14 21:06:51,325   GET     200       0 ms  /3/Jobs/$0301c0a801f034d4ffffffff$_a87d0a7caf0ec4f931d33ad6bbb546cb
2020-01-14 21:06:51,805   GET     200       2 ms  /99/AutoML/AutoML_20200114_210418558@@label
2020-01-14 21:06:51,812   POST    999       1 ms  /3/PostFile
2020-01-14 21:06:51,816   POST    200       1 ms  /3/ParseSetup
2020-01-14 21:06:51,820   POST    200       0 ms  /3/Parse
2020-01-14 21:06:51,823   GET     200       0 ms  /3/Jobs/$0301c0a801f034d4ffffffff$_aef2a002fade31d65450a1e09c6744f0
2020-01-14 21:06:51,827   GET     200       1 ms  /3/Frames/AutoML_20200114_210418558_eventlog
2020-01-14 21:06:51,839   POST    200       1 ms  /99/Rapids
2020-01-14 21:06:51,849   POST    200       1 ms  /99/Rapids
2020-01-14 21:06:51,853   POST    200       0 ms  /99/Rapids
2020-01-14 21:06:51,857   GET     200       1 ms  /3/Frames/AutoML_20200114_210418558_eventlog
2020-01-14 21:06:51,888   POST    200       1 ms  /99/Rapids
2020-01-14 21:06:51,892   GET     200       1 ms  /3/Frames/py_95_sid_92e6
2020-01-14 21:06:51,895   POST    200       0 ms  /99/Rapids
2020-01-14 21:06:52,746   GET     200       1 ms  /3/Jobs/$0301c0a801f034d4ffffffff$_a87d0a7caf0ec4f931d33ad6bbb546cb
2020-01-14 21:06:53,275   GET     200       2 ms  /99/AutoML/AutoML_20200114_210418558@@label
2020-01-14 21:06:53,283   POST    999       1 ms  /3/PostFile
2020-01-14 21:06:53,288   POST    200       1 ms  /3/ParseSetup
2020-01-14 21:06:53,294   POST    200       2 ms  /3/Parse
2020-01-14 21:06:53,298   GET     200       0 ms  /3/Jobs/$0301c0a801f034d4ffffffff$_a95b117708247622cf7edcbbe9f24fab
2020-01-14 21:06:53,507   GET     200       0 ms  /3/Jobs/$0301c0a801f034d4ffffffff$_a95b117708247622cf7edcbbe9f24fab
2020-01-14 21:06:53,512   GET     200       1 ms  /3/Frames/AutoML_20200114_210418558_eventlog
2020-01-14 21:06:53,525   POST    200       0 ms  /99/Rapids
2020-01-14 21:06:53,538   POST    200       1 ms  /99/Rapids
2020-01-14 21:06:53,541   POST    200       0 ms  /99/Rapids
2020-01-14 21:06:53,546   GET     200       1 ms  /3/Frames/AutoML_20200114_210418558_eventlog
2020-01-14 21:06:53,577   POST    200       2 ms  /99/Rapids
2020-01-14 21:06:53,587   GET     200       6 ms  /3/Frames/py_97_sid_92e6
2020-01-14 21:06:53,594   POST    200       3 ms  /99/Rapids
2020-01-14 21:06:54,167   GET     200       0 ms  /3/Jobs/$0301c0a801f034d4ffffffff$_a87d0a7caf0ec4f931d33ad6bbb546cb
2020-01-14 21:06:55,587   GET     200       2 ms  /99/AutoML/AutoML_20200114_210418558@@label
2020-01-14 21:06:55,600   POST    999       5 ms  /3/PostFile
2020-01-14 21:06:55,605   POST    200       1 ms  /3/ParseSetup
2020-01-14 21:06:55,610   POST    200       1 ms  /3/Parse
2020-01-14 21:06:55,614   GET     200       0 ms  /3/Jobs/$0301c0a801f034d4ffffffff$_aa94e5b7575adad71ba6d3d1ad2c47bb
2020-01-14 21:06:55,824   GET     200       0 ms  /3/Jobs/$0301c0a801f034d4ffffffff$_aa94e5b7575adad71ba6d3d1ad2c47bb
2020-01-14 21:06:55,829   GET     200       1 ms  /3/Frames/AutoML_20200114_210418558_eventlog
2020-01-14 21:06:55,842   POST    200       0 ms  /99/Rapids
2020-01-14 21:06:55,856   POST    200       0 ms  /99/Rapids
2020-01-14 21:06:55,860   POST    200       0 ms  /99/Rapids
2020-01-14 21:06:55,864   GET     200       1 ms  /3/Frames/AutoML_20200114_210418558_eventlog
2020-01-14 21:06:55,899   POST    200       4 ms  /99/Rapids
2020-01-14 21:06:55,908   GET     200       5 ms  /3/Frames/py_99_sid_92e6
2020-01-14 21:06:55,918   POST    200       6 ms  /99/Rapids
2020-01-14 21:06:55,921   GET     200       0 ms  /3/Jobs/$0301c0a801f034d4ffffffff$_a87d0a7caf0ec4f931d33ad6bbb546cb
2020-01-14 21:06:57,342   GET     200       1 ms  /3/Jobs/$0301c0a801f034d4ffffffff$_a87d0a7caf0ec4f931d33ad6bbb546cb
2020-01-14 21:06:58,101   GET     200       1 ms  /99/AutoML/AutoML_20200114_210418558@@label
2020-01-14 21:06:58,109   POST    999       1 ms  /3/PostFile
2020-01-14 21:06:58,116   POST    200       3 ms  /3/ParseSetup
2020-01-14 21:06:58,123   POST    200       3 ms  /3/Parse
2020-01-14 21:06:58,128   GET     200       0 ms  /3/Jobs/$0301c0a801f034d4ffffffff$_ac8dfb360661b916b638baeaa3de4c54
2020-01-14 21:06:58,335   GET     200       0 ms  /3/Jobs/$0301c0a801f034d4ffffffff$_ac8dfb360661b916b638baeaa3de4c54
2020-01-14 21:06:58,340   GET     200       0 ms  /3/Frames/AutoML_20200114_210418558_eventlog
2020-01-14 21:06:58,354   POST    200       1 ms  /99/Rapids
2020-01-14 21:06:58,366   POST    200       0 ms  /99/Rapids
2020-01-14 21:06:58,370   POST    200       0 ms  /99/Rapids
2020-01-14 21:06:58,374   GET     200       0 ms  /3/Frames/AutoML_20200114_210418558_eventlog
2020-01-14 21:06:58,402   POST    200       1 ms  /99/Rapids
2020-01-14 21:06:58,407   GET     200       1 ms  /3/Frames/py_101_sid_92e6
2020-01-14 21:06:58,411   POST    200       0 ms  /99/Rapids
2020-01-14 21:06:58,757   GET     200       0 ms  /3/Jobs/$0301c0a801f034d4ffffffff$_a87d0a7caf0ec4f931d33ad6bbb546cb
2020-01-14 21:06:59,809   GET     200       2 ms  /99/AutoML/AutoML_20200114_210418558@@label
2020-01-14 21:06:59,816   POST    999       1 ms  /3/PostFile
2020-01-14 21:06:59,820   POST    200       1 ms  /3/ParseSetup
2020-01-14 21:06:59,825   POST    200       1 ms  /3/Parse
2020-01-14 21:06:59,829   GET     200       0 ms  /3/Jobs/$0301c0a801f034d4ffffffff$_9c9468359acff2b7550ba9250a5240d7
2020-01-14 21:06:59,834   GET     200       1 ms  /3/Frames/AutoML_20200114_210418558_eventlog
2020-01-14 21:06:59,845   POST    200       1 ms  /99/Rapids
2020-01-14 21:06:59,854   POST    200       0 ms  /99/Rapids
2020-01-14 21:06:59,857   POST    200       0 ms  /99/Rapids
2020-01-14 21:06:59,860   GET     200       0 ms  /3/Frames/AutoML_20200114_210418558_eventlog
2020-01-14 21:06:59,882   POST    200       1 ms  /99/Rapids
2020-01-14 21:06:59,886   GET     200       1 ms  /3/Frames/py_103_sid_92e6
2020-01-14 21:06:59,890   POST    200       1 ms  /99/Rapids
2020-01-14 21:07:00,167   GET     200       0 ms  /3/Jobs/$0301c0a801f034d4ffffffff$_a87d0a7caf0ec4f931d33ad6bbb546cb
2020-01-14 21:07:01,575   GET     200       1 ms  /99/AutoML/AutoML_20200114_210418558@@label
2020-01-14 21:07:01,583   POST    999       1 ms  /3/PostFile
2020-01-14 21:07:01,589   POST    200       2 ms  /3/ParseSetup
2020-01-14 21:07:01,595   POST    200       3 ms  /3/Parse
2020-01-14 21:07:01,599   GET     200       0 ms  /3/Jobs/$0301c0a801f034d4ffffffff$_bd110dc188d8aea09e12a111137d4c40
2020-01-14 21:07:01,808   GET     200       1 ms  /3/Jobs/$0301c0a801f034d4ffffffff$_bd110dc188d8aea09e12a111137d4c40
2020-01-14 21:07:01,813   GET     200       1 ms  /3/Frames/AutoML_20200114_210418558_eventlog
2020-01-14 21:07:01,827   POST    200       0 ms  /99/Rapids
2020-01-14 21:07:01,842   POST    200       1 ms  /99/Rapids
2020-01-14 21:07:01,845   POST    200       0 ms  /99/Rapids
2020-01-14 21:07:01,850   GET     200       1 ms  /3/Frames/AutoML_20200114_210418558_eventlog
2020-01-14 21:07:01,881   POST    200       1 ms  /99/Rapids
2020-01-14 21:07:01,887   GET     200       2 ms  /3/Frames/py_105_sid_92e6
2020-01-14 21:07:01,892   POST    200       1 ms  /99/Rapids
2020-01-14 21:07:01,895   GET     200       0 ms  /3/Jobs/$0301c0a801f034d4ffffffff$_a87d0a7caf0ec4f931d33ad6bbb546cb
2020-01-14 21:07:03,302   GET     200       0 ms  /3/Jobs/$0301c0a801f034d4ffffffff$_a87d0a7caf0ec4f931d33ad6bbb546cb
2020-01-14 21:07:04,705   GET     200       7 ms  /99/AutoML/AutoML_20200114_210418558@@label
2020-01-14 21:07:04,712   POST    999       0 ms  /3/PostFile
2020-01-14 21:07:04,717   POST    200       1 ms  /3/ParseSetup
2020-01-14 21:07:04,722   POST    200       1 ms  /3/Parse
2020-01-14 21:07:04,727   GET     200       1 ms  /3/Jobs/$0301c0a801f034d4ffffffff$_aaa9e98e7ac83589c334a89eb6494eef
2020-01-14 21:07:04,731   GET     200       0 ms  /3/Frames/AutoML_20200114_210418558_eventlog
2020-01-14 21:07:04,742   POST    200       0 ms  /99/Rapids
2020-01-14 21:07:04,753   POST    200       1 ms  /99/Rapids
2020-01-14 21:07:04,756   POST    200       0 ms  /99/Rapids
2020-01-14 21:07:04,760   GET     200       1 ms  /3/Frames/AutoML_20200114_210418558_eventlog
2020-01-14 21:07:04,782   POST    200       1 ms  /99/Rapids
2020-01-14 21:07:04,786   GET     200       1 ms  /3/Frames/py_107_sid_92e6
2020-01-14 21:07:04,789   POST    200       0 ms  /99/Rapids
2020-01-14 21:07:04,792   GET     200       0 ms  /3/Jobs/$0301c0a801f034d4ffffffff$_a87d0a7caf0ec4f931d33ad6bbb546cb
2020-01-14 21:07:06,188   GET     200       0 ms  /3/Jobs/$0301c0a801f034d4ffffffff$_a87d0a7caf0ec4f931d33ad6bbb546cb
2020-01-14 21:07:07,582   GET     200       1 ms  /99/AutoML/AutoML_20200114_210418558@@label
2020-01-14 21:07:07,590   POST    999       1 ms  /3/PostFile
2020-01-14 21:07:07,595   POST    200       1 ms  /3/ParseSetup
2020-01-14 21:07:07,600   POST    200       1 ms  /3/Parse
2020-01-14 21:07:07,604   GET     200       0 ms  /3/Jobs/$0301c0a801f034d4ffffffff$_aaaa06a258d0be0b9daa573de8494dc8
2020-01-14 21:07:07,810   GET     200       1 ms  /3/Jobs/$0301c0a801f034d4ffffffff$_aaaa06a258d0be0b9daa573de8494dc8
2020-01-14 21:07:07,815   GET     200       1 ms  /3/Frames/AutoML_20200114_210418558_eventlog
2020-01-14 21:07:07,829   POST    200       1 ms  /99/Rapids
2020-01-14 21:07:07,844   POST    200       1 ms  /99/Rapids
2020-01-14 21:07:07,848   POST    200       0 ms  /99/Rapids
2020-01-14 21:07:07,853   GET     200       1 ms  /3/Frames/AutoML_20200114_210418558_eventlog
2020-01-14 21:07:07,884   POST    200       2 ms  /99/Rapids
2020-01-14 21:07:07,890   GET     200       2 ms  /3/Frames/py_109_sid_92e6
2020-01-14 21:07:07,896   POST    200       2 ms  /99/Rapids
2020-01-14 21:07:07,900   GET     200       0 ms  /3/Jobs/$0301c0a801f034d4ffffffff$_a87d0a7caf0ec4f931d33ad6bbb546cb
2020-01-14 21:07:09,291   GET     200       1 ms  /99/AutoML/AutoML_20200114_210418558@@label
2020-01-14 21:07:09,298   POST    999       0 ms  /3/PostFile
2020-01-14 21:07:09,304   POST    200       2 ms  /3/ParseSetup
2020-01-14 21:07:09,310   POST    200       2 ms  /3/Parse
2020-01-14 21:07:09,314   GET     200       0 ms  /3/Jobs/$0301c0a801f034d4ffffffff$_a37c8bc617a399f7f05d1620bbca4fed
2020-01-14 21:07:09,519   GET     200       1 ms  /3/Jobs/$0301c0a801f034d4ffffffff$_a37c8bc617a399f7f05d1620bbca4fed
2020-01-14 21:07:09,524   GET     200       1 ms  /3/Frames/AutoML_20200114_210418558_eventlog
2020-01-14 21:07:09,538   POST    200       1 ms  /99/Rapids
2020-01-14 21:07:09,550   POST    200       0 ms  /99/Rapids
2020-01-14 21:07:09,554   POST    200       0 ms  /99/Rapids
2020-01-14 21:07:09,558   GET     200       0 ms  /3/Frames/AutoML_20200114_210418558_eventlog
2020-01-14 21:07:09,589   POST    200       1 ms  /99/Rapids
2020-01-14 21:07:09,598   GET     200       1 ms  /3/Frames/py_111_sid_92e6
2020-01-14 21:07:09,603   POST    200       1 ms  /99/Rapids
2020-01-14 21:07:09,606   GET     200       0 ms  /3/Jobs/$0301c0a801f034d4ffffffff$_a87d0a7caf0ec4f931d33ad6bbb546cb
2020-01-14 21:07:10,264   GET     200       2 ms  /99/AutoML/AutoML_20200114_210418558@@label
2020-01-14 21:07:10,270   POST    999       1 ms  /3/PostFile
2020-01-14 21:07:10,275   POST    200       1 ms  /3/ParseSetup
2020-01-14 21:07:10,279   POST    200       1 ms  /3/Parse
2020-01-14 21:07:10,283   GET     200       0 ms  /3/Jobs/$0301c0a801f034d4ffffffff$_88da2ae8e79cac5a19e3e901b1be42b1
2020-01-14 21:07:10,288   GET     200       1 ms  /3/Frames/AutoML_20200114_210418558_eventlog
2020-01-14 21:07:10,300   POST    200       0 ms  /99/Rapids
2020-01-14 21:07:10,313   POST    200       1 ms  /99/Rapids
2020-01-14 21:07:10,316   POST    200       0 ms  /99/Rapids
2020-01-14 21:07:10,321   GET     200       1 ms  /3/Frames/AutoML_20200114_210418558_eventlog
2020-01-14 21:07:10,346   POST    200       1 ms  /99/Rapids
2020-01-14 21:07:10,351   GET     200       1 ms  /3/Frames/py_113_sid_92e6
2020-01-14 21:07:10,355   POST    200       1 ms  /99/Rapids
2020-01-14 21:07:10,993   GET     200       0 ms  /3/Jobs/$0301c0a801f034d4ffffffff$_a87d0a7caf0ec4f931d33ad6bbb546cb
2020-01-14 21:07:12,380   GET     200       6 ms  /99/AutoML/AutoML_20200114_210418558@@label
2020-01-14 21:07:12,388   POST    999       0 ms  /3/PostFile
2020-01-14 21:07:12,394   POST    200       2 ms  /3/ParseSetup
2020-01-14 21:07:12,399   POST    200       0 ms  /3/Parse
2020-01-14 21:07:12,403   GET     200       0 ms  /3/Jobs/$0301c0a801f034d4ffffffff$_be3016d2a8d9c37893a11dd926594b44
2020-01-14 21:07:12,407   GET     200       0 ms  /3/Frames/AutoML_20200114_210418558_eventlog
2020-01-14 21:07:12,421   POST    200       0 ms  /99/Rapids
2020-01-14 21:07:12,434   POST    200       0 ms  /99/Rapids
2020-01-14 21:07:12,438   POST    200       0 ms  /99/Rapids
2020-01-14 21:07:12,443   GET     200       1 ms  /3/Frames/AutoML_20200114_210418558_eventlog
2020-01-14 21:07:12,474   POST    200       1 ms  /99/Rapids
2020-01-14 21:07:12,478   GET     200       1 ms  /3/Frames/py_115_sid_92e6
2020-01-14 21:07:12,483   POST    200       1 ms  /99/Rapids
2020-01-14 21:07:12,486   GET     200       0 ms  /3/Jobs/$0301c0a801f034d4ffffffff$_a87d0a7caf0ec4f931d33ad6bbb546cb
2020-01-14 21:07:13,016   GET     200       1 ms  /99/AutoML/AutoML_20200114_210418558@@label
2020-01-14 21:07:13,024   POST    999       0 ms  /3/PostFile
2020-01-14 21:07:13,029   POST    200       1 ms  /3/ParseSetup
2020-01-14 21:07:13,035   POST    200       1 ms  /3/Parse
2020-01-14 21:07:13,042   GET     200       0 ms  /3/Jobs/$0301c0a801f034d4ffffffff$_86bae33d714894e2a04e094f2324836
2020-01-14 21:07:13,247   GET     200       1 ms  /3/Jobs/$0301c0a801f034d4ffffffff$_86bae33d714894e2a04e094f2324836
2020-01-14 21:07:13,253   GET     200       1 ms  /3/Frames/AutoML_20200114_210418558_eventlog
2020-01-14 21:07:13,268   POST    200       1 ms  /99/Rapids
2020-01-14 21:07:13,281   POST    200       0 ms  /99/Rapids
2020-01-14 21:07:13,288   POST    200       1 ms  /99/Rapids
2020-01-14 21:07:13,293   GET     200       1 ms  /3/Frames/AutoML_20200114_210418558_eventlog
2020-01-14 21:07:13,328   POST    200       1 ms  /99/Rapids
2020-01-14 21:07:13,334   GET     200       1 ms  /3/Frames/py_117_sid_92e6
2020-01-14 21:07:13,339   POST    200       1 ms  /99/Rapids
2020-01-14 21:07:13,864   GET     200       0 ms  /3/Jobs/$0301c0a801f034d4ffffffff$_a87d0a7caf0ec4f931d33ad6bbb546cb
2020-01-14 21:07:15,241   GET     200       0 ms  /3/Jobs/$0301c0a801f034d4ffffffff$_a87d0a7caf0ec4f931d33ad6bbb546cb
2020-01-14 21:07:16,617   GET     200       2 ms  /99/AutoML/AutoML_20200114_210418558@@label
2020-01-14 21:07:16,625   POST    999       0 ms  /3/PostFile
2020-01-14 21:07:16,634   POST    200       2 ms  /3/ParseSetup
2020-01-14 21:07:16,649   POST    200       5 ms  /3/Parse
2020-01-14 21:07:16,653   GET     200       0 ms  /3/Jobs/$0301c0a801f034d4ffffffff$_b78dd58c5bbd26184237846ebeac46e2
2020-01-14 21:07:16,861   GET     200       0 ms  /3/Jobs/$0301c0a801f034d4ffffffff$_b78dd58c5bbd26184237846ebeac46e2
2020-01-14 21:07:16,869   GET     200       1 ms  /3/Frames/AutoML_20200114_210418558_eventlog
2020-01-14 21:07:16,885   POST    200       1 ms  /99/Rapids
2020-01-14 21:07:16,899   POST    200       1 ms  /99/Rapids
2020-01-14 21:07:16,903   POST    200       0 ms  /99/Rapids
2020-01-14 21:07:16,908   GET     200       1 ms  /3/Frames/AutoML_20200114_210418558_eventlog
2020-01-14 21:07:16,969   POST    200       7 ms  /99/Rapids
2020-01-14 21:07:16,988   GET     200      15 ms  /3/Frames/py_119_sid_92e6
2020-01-14 21:07:17,009   POST    200      17 ms  /99/Rapids
2020-01-14 21:07:17,013   GET     200       0 ms  /3/Jobs/$0301c0a801f034d4ffffffff$_a87d0a7caf0ec4f931d33ad6bbb546cb
2020-01-14 21:07:17,027   GET     200       2 ms  /99/AutoML/AutoML_20200114_210418558@@label
2020-01-14 21:07:17,043   POST    999       1 ms  /3/PostFile
2020-01-14 21:07:17,048   POST    200       1 ms  /3/ParseSetup
2020-01-14 21:07:17,059   POST    200       5 ms  /3/Parse
2020-01-14 21:07:17,064   GET     200       0 ms  /3/Jobs/$0301c0a801f034d4ffffffff$_8073c001d2023d957818b8218f074160
2020-01-14 21:07:17,272   GET     200       0 ms  /3/Jobs/$0301c0a801f034d4ffffffff$_8073c001d2023d957818b8218f074160
2020-01-14 21:07:17,277   GET     200       0 ms  /3/Frames/AutoML_20200114_210418558_eventlog
2020-01-14 21:07:17,291   POST    200       0 ms  /99/Rapids
2020-01-14 21:07:17,306   POST    200       2 ms  /99/Rapids
2020-01-14 21:07:17,310   POST    200       1 ms  /99/Rapids
2020-01-14 21:07:17,316   GET     200       1 ms  /3/Frames/AutoML_20200114_210418558_eventlog
2020-01-14 21:07:17,349   POST    200       2 ms  /99/Rapids
2020-01-14 21:07:17,363   GET     200       8 ms  /3/Frames/py_121_sid_92e6
2020-01-14 21:07:17,369   POST    200       2 ms  /99/Rapids
2020-01-14 21:07:18,387   GET     200       0 ms  /3/Jobs/$0301c0a801f034d4ffffffff$_a87d0a7caf0ec4f931d33ad6bbb546cb
2020-01-14 21:07:19,758   GET     200       0 ms  /3/Jobs/$0301c0a801f034d4ffffffff$_a87d0a7caf0ec4f931d33ad6bbb546cb
2020-01-14 21:07:21,125   GET     200       1 ms  /99/AutoML/AutoML_20200114_210418558@@label
2020-01-14 21:07:21,131   POST    999       0 ms  /3/PostFile
2020-01-14 21:07:21,135   POST    200       1 ms  /3/ParseSetup
2020-01-14 21:07:21,138   POST    200       1 ms  /3/Parse
2020-01-14 21:07:21,141   GET     200       0 ms  /3/Jobs/$0301c0a801f034d4ffffffff$_88260d1e2eeb57a8629c4df44e2546b5
2020-01-14 21:07:21,145   GET     200       0 ms  /3/Frames/AutoML_20200114_210418558_eventlog
2020-01-14 21:07:21,157   POST    200       1 ms  /99/Rapids
2020-01-14 21:07:21,166   POST    200       0 ms  /99/Rapids
2020-01-14 21:07:21,169   POST    200       0 ms  /99/Rapids
2020-01-14 21:07:21,172   GET     200       0 ms  /3/Frames/AutoML_20200114_210418558_eventlog
2020-01-14 21:07:21,196   POST    200       1 ms  /99/Rapids
2020-01-14 21:07:21,201   GET     200       1 ms  /3/Frames/py_123_sid_92e6
2020-01-14 21:07:21,205   POST    200       0 ms  /99/Rapids
2020-01-14 21:07:21,208   GET     200       0 ms  /3/Jobs/$0301c0a801f034d4ffffffff$_a87d0a7caf0ec4f931d33ad6bbb546cb
2020-01-14 21:07:21,683   GET     200       3 ms  /99/AutoML/AutoML_20200114_210418558@@label
2020-01-14 21:07:21,691   POST    999       1 ms  /3/PostFile
2020-01-14 21:07:21,696   POST    200       1 ms  /3/ParseSetup
2020-01-14 21:07:21,702   POST    200       2 ms  /3/Parse
2020-01-14 21:07:21,707   GET     200       0 ms  /3/Jobs/$0301c0a801f034d4ffffffff$_9e8f01ba3affff47d7f99504370c4321
2020-01-14 21:07:21,916   GET     200       0 ms  /3/Jobs/$0301c0a801f034d4ffffffff$_9e8f01ba3affff47d7f99504370c4321
2020-01-14 21:07:21,921   GET     200       1 ms  /3/Frames/AutoML_20200114_210418558_eventlog
2020-01-14 21:07:21,938   POST    200       0 ms  /99/Rapids
2020-01-14 21:07:21,953   POST    200       2 ms  /99/Rapids
2020-01-14 21:07:21,957   POST    200       0 ms  /99/Rapids
2020-01-14 21:07:21,962   GET     200       1 ms  /3/Frames/AutoML_20200114_210418558_eventlog
2020-01-14 21:07:21,992   POST    200       0 ms  /99/Rapids
2020-01-14 21:07:21,998   GET     200       1 ms  /3/Frames/py_125_sid_92e6
2020-01-14 21:07:22,002   POST    200       1 ms  /99/Rapids
2020-01-14 21:07:22,566   GET     200       0 ms  /3/Jobs/$0301c0a801f034d4ffffffff$_a87d0a7caf0ec4f931d33ad6bbb546cb
2020-01-14 21:07:23,926   GET     200       1 ms  /3/Jobs/$0301c0a801f034d4ffffffff$_a87d0a7caf0ec4f931d33ad6bbb546cb
2020-01-14 21:07:25,288   GET     200       0 ms  /3/Jobs/$0301c0a801f034d4ffffffff$_a87d0a7caf0ec4f931d33ad6bbb546cb
2020-01-14 21:07:26,641   GET     200       8 ms  /99/AutoML/AutoML_20200114_210418558@@label
2020-01-14 21:07:26,773   POST    999       1 ms  /3/PostFile
2020-01-14 21:07:26,787   POST    200       2 ms  /3/ParseSetup
2020-01-14 21:07:26,835   POST    200       2 ms  /3/Parse
2020-01-14 21:07:26,851   GET     200       1 ms  /3/Jobs/$0301c0a801f034d4ffffffff$_a16a35fa29006e8999ecefd18d374116
2020-01-14 21:07:27,064   GET     200       0 ms  /3/Jobs/$0301c0a801f034d4ffffffff$_a16a35fa29006e8999ecefd18d374116
2020-01-14 21:07:27,068   GET     200       1 ms  /3/Frames/AutoML_20200114_210418558_eventlog
2020-01-14 21:07:27,178   POST    200       1 ms  /99/Rapids
2020-01-14 21:07:27,225   POST    200      11 ms  /99/Rapids
2020-01-14 21:07:27,233   POST    200       1 ms  /99/Rapids
2020-01-14 21:07:27,241   GET     200       1 ms  /3/Frames/AutoML_20200114_210418558_eventlog
2020-01-14 21:07:27,271   POST    200       3 ms  /99/Rapids
2020-01-14 21:07:27,276   GET     200       1 ms  /3/Frames/py_127_sid_92e6
2020-01-14 21:07:27,279   POST    200       0 ms  /99/Rapids
2020-01-14 21:07:27,283   GET     200       0 ms  /3/Jobs/$0301c0a801f034d4ffffffff$_a87d0a7caf0ec4f931d33ad6bbb546cb
2020-01-14 21:07:28,374   GET     200       3 ms  /99/AutoML/AutoML_20200114_210418558@@label
2020-01-14 21:07:28,382   POST    999       1 ms  /3/PostFile
2020-01-14 21:07:28,386   POST    200       1 ms  /3/ParseSetup
2020-01-14 21:07:28,390   POST    200       1 ms  /3/Parse
2020-01-14 21:07:28,393   GET     200       0 ms  /3/Jobs/$0301c0a801f034d4ffffffff$_aaedce2ec31193be94e0a479c1204c4b
2020-01-14 21:07:28,397   GET     200       1 ms  /3/Frames/AutoML_20200114_210418558_eventlog
2020-01-14 21:07:28,408   POST    200       0 ms  /99/Rapids
2020-01-14 21:07:28,417   POST    200       0 ms  /99/Rapids
2020-01-14 21:07:28,420   POST    200       0 ms  /99/Rapids
2020-01-14 21:07:28,423   GET     200       0 ms  /3/Frames/AutoML_20200114_210418558_eventlog
2020-01-14 21:07:28,448   POST    200       1 ms  /99/Rapids
2020-01-14 21:07:28,453   GET     200       1 ms  /3/Frames/py_129_sid_92e6
2020-01-14 21:07:28,456   POST    200       0 ms  /99/Rapids
2020-01-14 21:07:28,608   GET     200       0 ms  /3/Jobs/$0301c0a801f034d4ffffffff$_a87d0a7caf0ec4f931d33ad6bbb546cb
2020-01-14 21:07:28,619   GET     200       5 ms  /99/AutoML/AutoML_20200114_210418558@@label
2020-01-14 21:07:28,640   POST    999       4 ms  /3/PostFile
2020-01-14 21:07:28,647   POST    200       1 ms  /3/ParseSetup
2020-01-14 21:07:28,653   POST    200       2 ms  /3/Parse
2020-01-14 21:07:28,663   GET     200       1 ms  /3/Jobs/$0301c0a801f034d4ffffffff$_a3f8a56a02a573a6fe92c99f355b4618
2020-01-14 21:07:28,871   GET     200       1 ms  /3/Jobs/$0301c0a801f034d4ffffffff$_a3f8a56a02a573a6fe92c99f355b4618
2020-01-14 21:07:28,876   GET     200       1 ms  /3/Frames/AutoML_20200114_210418558_eventlog
2020-01-14 21:07:28,887   POST    200       0 ms  /99/Rapids
2020-01-14 21:07:28,901   POST    200       1 ms  /99/Rapids
2020-01-14 21:07:28,905   POST    200       0 ms  /99/Rapids
2020-01-14 21:07:28,909   GET     200       1 ms  /3/Frames/AutoML_20200114_210418558_eventlog
2020-01-14 21:07:28,937   POST    200       0 ms  /99/Rapids
2020-01-14 21:07:28,941   GET     200       1 ms  /3/Frames/py_131_sid_92e6
2020-01-14 21:07:28,945   POST    200       0 ms  /99/Rapids
2020-01-14 21:07:28,951   GET     200       2 ms  /99/AutoML/AutoML_20200114_210418558@@label
2020-01-14 21:07:29,029   GET     200      72 ms  /3/Models/StackedEnsemble_AllModels_AutoML_20200114_210418
2020-01-14 21:07:29,060   POST    999       1 ms  /3/PostFile
2020-01-14 21:07:29,078   POST    200       4 ms  /3/ParseSetup
2020-01-14 21:07:29,098   POST    200       2 ms  /3/Parse
2020-01-14 21:07:29,167   GET     200       1 ms  /3/Jobs/$0301c0a801f034d4ffffffff$_a678b54efd2d9e6757ff4416b0e34670
2020-01-14 21:07:29,176   GET     200       1 ms  /3/Frames/AutoML_20200114_210418558_leaderboard
2020-01-14 21:07:29,194   POST    200       0 ms  /99/Rapids
2020-01-14 21:07:29,211   POST    200       1 ms  /99/Rapids
2020-01-14 21:07:29,215   POST    200       1 ms  /99/Rapids
2020-01-14 21:07:29,221   POST    999       0 ms  /3/PostFile
2020-01-14 21:07:29,227   POST    200       2 ms  /3/ParseSetup
2020-01-14 21:07:29,232   POST    200       1 ms  /3/Parse
2020-01-14 21:07:29,236   GET     200       0 ms  /3/Jobs/$0301c0a801f034d4ffffffff$_a614840363bdf0384095e2b9dbc54432
2020-01-14 21:07:29,241   GET     200       0 ms  /3/Frames/AutoML_20200114_210418558_eventlog
2020-01-14 21:07:29,259   POST    200       0 ms  /99/Rapids
2020-01-14 21:07:29,269   POST    200       0 ms  /99/Rapids
2020-01-14 21:07:29,272   POST    200       0 ms  /99/Rapids
2020-01-14 21:07:29,276   GET     200       1 ms  /3/Frames/AutoML_20200114_210418558_eventlog
2020-01-14 21:07:29,314   POST    200       1 ms  /99/Rapids
2020-01-14 21:07:29,317   GET     200       1 ms  /3/DownloadDataset
2020-01-14 21:07:29,320   POST    200       1 ms  /99/Rapids
2020-01-14 21:08:23,951   GET     200       1 ms  /3/Frames/AutoML_20200114_210418558_leaderboard
2020-01-14 21:12:23,569   GET     200      75 ms  /3/Models/StackedEnsemble_AllModels_AutoML_20200114_210418
2020-01-14 21:12:23,718   POST    200      34 ms  /99/Rapids
2020-01-14 21:12:23,732   POST    200      10 ms  /4/Predictions/models/StackedEnsemble_AllModels_AutoML_20200114_210418/frames/py_135_sid_92e6
2020-01-14 21:12:23,739   GET     200       0 ms  /3/Jobs/$0301c0a801f034d4ffffffff$_9d7fd811cff5e9a4bc22362f15a145cf
2020-01-14 21:12:23,948   GET     200       0 ms  /3/Jobs/$0301c0a801f034d4ffffffff$_9d7fd811cff5e9a4bc22362f15a145cf
2020-01-14 21:12:24,163   GET     200       0 ms  /3/Jobs/$0301c0a801f034d4ffffffff$_9d7fd811cff5e9a4bc22362f15a145cf
2020-01-14 21:12:24,372   GET     200       1 ms  /3/Jobs/$0301c0a801f034d4ffffffff$_9d7fd811cff5e9a4bc22362f15a145cf
2020-01-14 21:12:24,578   GET     200       0 ms  /3/Jobs/$0301c0a801f034d4ffffffff$_9d7fd811cff5e9a4bc22362f15a145cf
2020-01-14 21:12:24,592   GET     200       7 ms  /3/Frames/transformation_99f2_StackedEnsemble_AllModels_AutoML_20200114_210418_on_py_135_sid_92e6
2020-01-14 21:13:51,102   GET     200      13 ms  /3/Models/StackedEnsemble_AllModels_AutoML_20200114_210418
